1.45E+02	1.56E+02
1.45E+02	1.56E+02
1.31E+02	1.42E+02
1.45E+02	1.56E+02
1.31E+02	1.42E+02
1.45E+02	1.56E+02
1.31E+02	1.42E+02
1.31E+02	1.42E+02
1.45E+02	1.56E+02
1.17E+02	1.27E+02
1.45E+02	1.56E+02
1.31E+02	1.42E+02
1.45E+02	1.56E+02
1.17E+02	1.27E+02
1.17E+02	1.27E+02
1.45E+02	1.56E+02
1.31E+02	1.42E+02
1.31E+02	1.42E+02
1.17E+02	1.27E+02
1.31E+02	1.42E+02
1.17E+02	1.27E+02
1.45E+02	1.56E+02
1.17E+02	1.27E+02
1.45E+02	1.56E+02
1.17E+02	1.27E+02
1.03E+02	1.13E+02
1.31E+02	1.42E+02
1.17E+02	1.27E+02
1.31E+02	1.42E+02
1.45E+02	1.56E+02
1.45E+02	1.56E+02
1.03E+02	1.13E+02
1.03E+02	1.13E+02
1.31E+02	1.42E+02
1.45E+02	1.56E+02
1.31E+02	1.42E+02
1.03E+02	1.13E+02
1.31E+02	1.42E+02
1.45E+02	1.56E+02
1.17E+02	1.27E+02
1.17E+02	1.27E+02
1.45E+02	1.56E+02
1.03E+02	1.13E+02
1.31E+02	1.42E+02
1.45E+02	1.56E+02
1.03E+02	1.13E+02
1.45E+02	1.56E+02
1.17E+02	1.27E+02
1.17E+02	1.27E+02
1.31E+02	1.42E+02
1.03E+02	1.13E+02
1.31E+02	1.42E+02
1.03E+02	1.13E+02
1.31E+02	1.42E+02
1.17E+02	1.28E+02
9.02E+01	9.99E+01
9.02E+01	9.99E+01
1.17E+02	1.27E+02
9.02E+01	9.99E+01
1.45E+02	1.56E+02
1.17E+02	1.28E+02
9.02E+01	9.99E+01
1.17E+02	1.27E+02
1.03E+02	1.13E+02
1.45E+02	1.56E+02
1.31E+02	1.42E+02
1.17E+02	1.28E+02
1.03E+02	1.13E+02
1.45E+02	1.56E+02
1.45E+02	1.56E+02
1.45E+02	1.56E+02
1.31E+02	1.42E+02
1.31E+02	1.42E+02
1.03E+02	1.13E+02
1.45E+02	1.56E+02
1.03E+02	1.13E+02
9.02E+01	9.99E+01
1.31E+02	1.42E+02
1.31E+02	1.42E+02
9.02E+01	9.99E+01
1.31E+02	1.42E+02
1.03E+02	1.13E+02
9.02E+01	9.99E+01
9.02E+01	9.99E+01
1.17E+02	1.28E+02
1.45E+02	1.56E+02
1.03E+02	1.13E+02
1.17E+02	1.28E+02
1.17E+02	1.27E+02
1.45E+02	1.56E+02
1.03E+02	1.13E+02
1.45E+02	1.56E+02
1.31E+02	1.42E+02
1.03E+02	1.13E+02
7.85E+01	8.73E+01
1.17E+02	1.28E+02
1.17E+02	1.28E+02
1.03E+02	1.13E+02
1.17E+02	1.28E+02
1.31E+02	1.42E+02
1.31E+02	1.42E+02
7.85E+01	8.73E+01
9.02E+01	9.99E+01
7.85E+01	8.73E+01
9.02E+01	9.99E+01
1.45E+02	1.56E+02
1.45E+02	1.56E+02
7.85E+01	8.73E+01
9.02E+01	9.99E+01
9.02E+01	9.99E+01
1.17E+02	1.28E+02
1.45E+02	1.56E+02
1.31E+02	1.42E+02
1.31E+02	1.42E+02
1.45E+02	1.56E+02
1.03E+02	1.13E+02
9.02E+01	9.99E+01
1.45E+02	1.56E+02
1.17E+02	1.28E+02
1.17E+02	1.28E+02
7.85E+01	8.73E+01
1.31E+02	1.42E+02
1.31E+02	1.42E+02
1.03E+02	1.13E+02
7.85E+01	8.73E+01
1.03E+02	1.13E+02
1.31E+02	1.42E+02
7.85E+01	8.73E+01
9.02E+01	9.99E+01
1.03E+02	1.13E+02
1.45E+02	1.56E+02
1.03E+02	1.13E+02
7.85E+01	8.73E+01
1.03E+02	1.13E+02
9.02E+01	9.99E+01
1.45E+02	1.56E+02
9.02E+01	9.99E+01
1.17E+02	1.28E+02
1.17E+02	1.28E+02
1.31E+02	1.42E+02
1.45E+02	1.56E+02
9.02E+01	9.99E+01
1.31E+02	1.42E+02
1.17E+02	1.28E+02
1.17E+02	1.28E+02
1.45E+02	1.56E+02
1.31E+02	1.42E+02
1.17E+02	1.28E+02
1.03E+02	1.13E+02
7.85E+01	8.73E+01
1.31E+02	1.42E+02
7.85E+01	8.73E+01
6.67E+01	7.47E+01
1.03E+02	1.13E+02
1.03E+02	1.13E+02
1.17E+02	1.28E+02
9.02E+01	9.99E+01
6.67E+01	7.47E+01
7.85E+01	8.73E+01
6.67E+01	7.47E+01
7.85E+01	8.73E+01
1.17E+02	1.28E+02
1.45E+02	1.56E+02
9.02E+01	9.99E+01
1.17E+02	1.28E+02
9.02E+01	9.99E+01
1.45E+02	1.56E+02
6.67E+01	7.47E+01
7.85E+01	8.73E+01
1.45E+02	1.56E+02
1.03E+02	1.13E+02
9.02E+01	9.99E+01
9.02E+01	9.99E+01
1.03E+02	1.13E+02
1.31E+02	1.42E+02
1.17E+02	1.28E+02
1.31E+02	1.42E+02
9.02E+01	9.99E+01
1.45E+02	1.56E+02
7.85E+01	8.73E+01
1.03E+02	1.13E+02
1.31E+02	1.42E+02
1.03E+02	1.13E+02
6.67E+01	7.47E+01
1.03E+02	1.13E+02
1.45E+02	1.56E+02
1.31E+02	1.42E+02
7.85E+01	8.73E+01
6.67E+01	7.47E+01
1.45E+02	1.56E+02
7.85E+01	8.73E+01
6.67E+01	7.47E+01
7.85E+01	8.73E+01
1.31E+02	1.42E+02
6.67E+01	7.47E+01
1.45E+02	1.56E+02
1.31E+02	1.42E+02
9.02E+01	9.99E+01
1.45E+02	1.56E+02
1.45E+02	1.56E+02
1.17E+02	1.28E+02
1.03E+02	1.13E+02
1.17E+02	1.28E+02
9.02E+01	9.99E+01
9.02E+01	9.99E+01
1.03E+02	1.13E+02
1.31E+02	1.42E+02
1.31E+02	1.42E+02
1.31E+02	1.42E+02
1.17E+02	1.28E+02
1.03E+02	1.13E+02
1.17E+02	1.28E+02
1.03E+02	1.13E+02
5.74E+01	6.45E+01
7.85E+01	8.73E+01
6.67E+01	7.47E+01
1.17E+02	1.28E+02
1.17E+02	1.28E+02
6.67E+01	7.47E+01
9.02E+01	9.99E+01
9.02E+01	9.99E+01
1.45E+02	1.56E+02
5.74E+01	6.45E+01
7.85E+01	8.74E+01
5.74E+01	6.45E+01
7.85E+01	8.73E+01
1.17E+02	1.28E+02
1.17E+02	1.28E+02
9.02E+01	9.99E+01
1.17E+02	1.28E+02
6.67E+01	7.47E+01
9.02E+01	9.99E+01
7.85E+01	8.73E+01
1.31E+02	1.42E+02
7.85E+01	8.74E+01
6.67E+01	7.47E+01
5.74E+01	6.45E+01
1.45E+02	1.56E+02
9.02E+01	9.99E+01
7.85E+01	8.73E+01
1.03E+02	1.13E+02
6.67E+01	7.47E+01
1.45E+02	1.56E+02
1.45E+02	1.56E+02
1.03E+02	1.13E+02
1.45E+02	1.56E+02
1.31E+02	1.42E+02
5.74E+01	6.45E+01
1.03E+02	1.13E+02
9.02E+01	9.99E+01
1.31E+02	1.42E+02
1.45E+02	1.56E+02
1.31E+02	1.42E+02
6.67E+01	7.47E+01
1.31E+02	1.42E+02
5.74E+01	6.45E+01
1.03E+02	1.13E+02
9.02E+01	9.99E+01
7.85E+01	8.74E+01
5.74E+01	6.45E+01
1.17E+02	1.28E+02
1.31E+02	1.42E+02
6.67E+01	7.47E+01
9.02E+01	9.99E+01
5.74E+01	6.45E+01
6.67E+01	7.47E+01
1.03E+02	1.13E+02
7.85E+01	8.74E+01
7.85E+01	8.73E+01
1.03E+02	1.13E+02
6.67E+01	7.47E+01
1.45E+02	1.56E+02
9.02E+01	9.99E+01
1.17E+02	1.28E+02
1.45E+02	1.56E+02
1.03E+02	1.13E+02
1.03E+02	1.13E+02
1.45E+02	1.56E+02
1.03E+02	1.13E+02
1.31E+02	1.42E+02
1.17E+02	1.28E+02
1.17E+02	1.28E+02
1.17E+02	1.28E+02
1.31E+02	1.42E+02
1.31E+02	1.42E+02
7.85E+01	8.73E+01
7.85E+01	8.74E+01
1.17E+02	1.28E+02
5.74E+01	6.45E+01
5.74E+01	6.45E+01
6.67E+01	7.47E+01
4.81E+01	5.42E+01
9.02E+01	9.99E+01
7.85E+01	8.74E+01
7.85E+01	8.73E+01
9.02E+01	9.99E+01
7.85E+01	8.74E+01
4.81E+01	5.42E+01
5.74E+01	6.45E+01
1.45E+02	1.56E+02
6.67E+01	7.47E+01
4.81E+01	5.42E+01
5.74E+01	6.45E+01
9.02E+01	9.99E+01
6.67E+01	7.47E+01
1.17E+02	1.28E+02
1.45E+02	1.56E+02
1.03E+02	1.13E+02
1.17E+02	1.28E+02
6.67E+01	7.47E+01
9.02E+01	9.99E+01
6.67E+01	7.47E+01
1.31E+02	1.42E+02
4.81E+01	5.42E+01
1.45E+02	1.56E+02
5.74E+01	6.45E+01
1.17E+02	1.28E+02
6.67E+01	7.47E+01
1.31E+02	1.42E+02
7.85E+01	8.74E+01
1.03E+02	1.13E+02
1.45E+02	1.56E+02
9.02E+01	9.99E+01
1.45E+02	1.56E+02
1.31E+02	1.42E+02
9.02E+01	9.99E+01
7.85E+01	8.74E+01
5.74E+01	6.45E+01
1.03E+02	1.13E+02
1.03E+02	1.13E+02
7.85E+01	8.73E+01
4.81E+01	5.42E+01
1.03E+02	1.13E+02
1.31E+02	1.42E+02
1.31E+02	1.42E+02
9.02E+01	9.99E+01
9.02E+01	9.99E+01
5.74E+01	6.45E+01
9.02E+01	9.99E+01
4.81E+01	5.43E+01
7.85E+01	8.74E+01
5.74E+01	6.45E+01
1.03E+02	1.13E+02
6.67E+01	7.47E+01
4.81E+01	5.42E+01
1.45E+02	1.56E+02
5.74E+01	6.45E+01
1.17E+02	1.28E+02
4.81E+01	5.43E+01
1.45E+02	1.56E+02
1.45E+02	1.56E+02
1.17E+02	1.28E+02
6.67E+01	7.47E+01
6.67E+01	7.47E+01
1.45E+02	1.56E+02
1.31E+02	1.42E+02
1.17E+02	1.28E+02
1.31E+02	1.42E+02
1.31E+02	1.42E+02
1.03E+02	1.13E+02
1.45E+02	1.56E+02
1.17E+02	1.28E+02
1.03E+02	1.13E+02
1.31E+02	1.42E+02
1.17E+02	1.28E+02
1.03E+02	1.13E+02
9.02E+01	9.99E+01
7.85E+01	8.74E+01
1.31E+02	1.42E+02
5.74E+01	6.45E+01
7.85E+01	8.74E+01
6.67E+01	7.47E+01
6.67E+01	7.47E+01
4.81E+01	5.43E+01
7.85E+01	8.74E+01
4.81E+01	5.42E+01
1.45E+02	1.56E+02
5.74E+01	6.45E+01
9.02E+01	9.99E+01
6.67E+01	7.47E+01
1.17E+02	1.28E+02
6.67E+01	7.47E+01
5.74E+01	6.45E+01
7.85E+01	8.74E+01
1.17E+02	1.28E+02
1.17E+02	1.28E+02
1.45E+02	1.56E+02
6.67E+01	7.47E+01
9.02E+01	9.99E+01
9.02E+01	9.99E+01
4.81E+01	5.42E+01
5.74E+01	6.45E+01
5.74E+01	6.45E+01
1.31E+02	1.42E+02
4.81E+01	5.43E+01
9.02E+01	9.99E+01
1.17E+02	1.28E+02
7.85E+01	8.74E+01
5.74E+01	6.45E+01
1.03E+02	1.13E+02
7.85E+01	8.73E+01
1.03E+02	1.13E+02
1.31E+02	1.42E+02
9.02E+01	9.99E+01
1.17E+02	1.28E+02
4.81E+01	5.43E+01
1.45E+02	1.56E+02
6.67E+01	7.47E+01
3.73E+01	4.22E+01
1.03E+02	1.13E+02
7.85E+01	8.74E+01
7.85E+01	8.73E+01
7.85E+01	8.74E+01
6.67E+01	7.47E+01
1.31E+02	1.42E+02
1.03E+02	1.13E+02
3.73E+01	4.22E+01
4.81E+01	5.42E+01
1.03E+02	1.13E+02
1.45E+02	1.56E+02
3.73E+01	4.23E+01
6.67E+01	7.47E+01
1.45E+02	1.56E+02
9.02E+01	9.99E+01
5.74E+01	6.45E+01
1.17E+02	1.28E+02
4.81E+01	5.43E+01
9.02E+01	9.99E+01
6.67E+01	7.47E+01
1.31E+02	1.42E+02
3.73E+01	4.23E+01
4.81E+01	5.42E+01
5.74E+01	6.45E+01
1.45E+02	1.56E+02
1.31E+02	1.42E+02
5.74E+01	6.45E+01
9.02E+01	9.99E+01
1.45E+02	1.56E+02
1.17E+02	1.28E+02
4.81E+01	5.43E+01
1.03E+02	1.13E+02
1.45E+02	1.56E+02
1.31E+02	1.42E+02
1.31E+02	1.42E+02
1.03E+02	1.13E+02
1.03E+02	1.13E+02
7.85E+01	8.73E+01
1.17E+02	1.28E+02
3.73E+01	4.22E+01
1.03E+02	1.13E+02
1.31E+02	1.42E+02
3.73E+01	4.23E+01
1.03E+02	1.13E+02
5.74E+01	6.45E+01
5.74E+01	6.45E+01
3.73E+01	4.23E+01
7.85E+01	8.74E+01
6.67E+01	7.47E+01
9.02E+01	9.99E+01
1.17E+02	1.28E+02
1.17E+02	1.28E+02
3.73E+01	4.23E+01
4.81E+01	5.43E+01
6.67E+01	7.47E+01
9.02E+01	9.99E+01
5.74E+01	6.45E+01
7.85E+01	8.74E+01
5.74E+01	6.45E+01
7.85E+01	8.74E+01
1.45E+02	1.56E+02
6.67E+01	7.47E+01
7.85E+01	8.74E+01
1.45E+02	1.56E+02
9.02E+01	9.99E+01
5.74E+01	6.45E+01
1.17E+02	1.28E+02
4.81E+01	5.43E+01
1.17E+02	1.28E+02
6.67E+01	7.47E+01
4.81E+01	5.42E+01
7.85E+01	8.74E+01
1.03E+02	1.13E+02
9.02E+01	9.99E+01
1.31E+02	1.42E+02
1.31E+02	1.42E+02
9.02E+01	9.99E+01
1.17E+02	1.28E+02
4.81E+01	5.43E+01
4.81E+01	5.43E+01
1.45E+02	1.56E+02
1.03E+02	1.13E+02
6.67E+01	7.47E+01
1.45E+02	1.56E+02
4.81E+01	5.42E+01
5.74E+01	6.45E+01
6.67E+01	7.47E+01
3.73E+01	4.23E+01
1.31E+02	1.42E+02
5.74E+01	6.45E+01
7.85E+01	8.74E+01
3.73E+01	4.23E+01
1.31E+02	1.42E+02
6.67E+01	7.47E+01
1.03E+02	1.13E+02
6.67E+01	7.47E+01
6.67E+01	7.47E+01
5.74E+01	6.45E+01
9.02E+01	9.99E+01
7.85E+01	8.74E+01
1.45E+02	1.56E+02
9.02E+01	9.99E+01
9.02E+01	9.99E+01
7.85E+01	8.74E+01
3.73E+01	4.23E+01
5.74E+01	6.45E+01
3.73E+01	4.23E+01
9.02E+01	9.99E+01
1.17E+02	1.28E+02
1.17E+02	1.28E+02
4.81E+01	5.43E+01
1.03E+02	1.13E+02
1.03E+02	1.13E+02
1.31E+02	1.42E+02
9.02E+01	9.99E+01
1.45E+02	1.56E+02
3.73E+01	4.23E+01
4.81E+01	5.43E+01
4.81E+01	5.43E+01
1.03E+02	1.13E+02
1.17E+02	1.28E+02
1.03E+02	1.13E+02
1.45E+02	1.56E+02
1.31E+02	1.42E+02
1.17E+02	1.28E+02
3.73E+01	4.23E+01
6.67E+01	7.47E+01
7.85E+01	8.73E+01
1.03E+02	1.13E+02
2.65E+01	3.01E+01
1.31E+02	1.42E+02
7.85E+01	8.74E+01
5.74E+01	6.45E+01
9.02E+01	9.99E+01
3.73E+01	4.23E+01
5.74E+01	6.45E+01
3.73E+01	4.23E+01
4.81E+01	5.42E+01
2.65E+01	3.01E+01
4.81E+01	5.43E+01
7.85E+01	8.73E+01
2.65E+01	3.01E+01
1.17E+02	1.28E+02
6.67E+01	7.47E+01
9.02E+01	9.99E+01
3.73E+01	4.23E+01
5.74E+01	6.46E+01
1.45E+02	1.56E+02
7.85E+01	8.74E+01
6.67E+01	7.47E+01
7.85E+01	8.74E+01
4.81E+01	5.43E+01
1.45E+02	1.56E+02
1.45E+02	1.56E+02
6.67E+01	7.47E+01
4.81E+01	5.42E+01
2.65E+01	3.01E+01
5.74E+01	6.45E+01
6.67E+01	7.47E+01
1.17E+02	1.28E+02
9.02E+01	9.99E+01
4.81E+01	5.43E+01
1.45E+02	1.56E+02
1.03E+02	1.13E+02
1.31E+02	1.42E+02
1.03E+02	1.13E+02
6.67E+01	7.47E+01
1.31E+02	1.42E+02
1.31E+02	1.42E+02
5.74E+01	6.45E+01
1.17E+02	1.28E+02
5.74E+01	6.45E+01
1.31E+02	1.42E+02
2.65E+01	3.01E+01
7.85E+01	8.74E+01
9.02E+01	9.99E+01
9.02E+01	9.99E+01
4.81E+01	5.43E+01
1.03E+02	1.13E+02
3.73E+01	4.23E+01
5.74E+01	6.46E+01
7.85E+01	8.73E+01
7.85E+01	8.74E+01
5.74E+01	6.45E+01
2.65E+01	3.01E+01
5.74E+01	6.46E+01
1.03E+02	1.13E+02
6.67E+01	7.47E+01
4.81E+01	5.43E+01
7.85E+01	8.74E+01
2.65E+01	3.01E+01
9.02E+01	9.99E+01
3.73E+01	4.23E+01
9.02E+01	9.99E+01
6.67E+01	7.47E+01
4.81E+01	5.43E+01
2.65E+01	3.01E+01
3.73E+01	4.23E+01
7.85E+01	8.74E+01
1.45E+02	1.56E+02
6.67E+01	7.47E+01
1.17E+02	1.28E+02
1.45E+02	1.56E+02
9.02E+01	9.99E+01
1.17E+02	1.28E+02
1.17E+02	1.28E+02
3.73E+01	4.23E+01
3.73E+01	4.23E+01
4.81E+01	5.43E+01
1.03E+02	1.13E+02
1.45E+02	1.56E+02
3.73E+01	4.23E+01
1.31E+02	1.42E+02
1.17E+02	1.28E+02
1.31E+02	1.42E+02
1.31E+02	1.42E+02
1.03E+02	1.13E+02
1.45E+02	1.56E+02
5.74E+01	6.45E+01
7.85E+01	8.74E+01
2.65E+01	3.01E+01
1.03E+02	1.13E+02
7.85E+01	8.74E+01
6.67E+01	7.47E+01
2.65E+01	3.01E+01
1.31E+02	1.42E+02
9.02E+01	9.99E+01
9.02E+01	9.99E+01
6.67E+01	7.47E+01
3.73E+01	4.23E+01
5.74E+01	6.46E+01
4.81E+01	5.43E+01
4.81E+01	5.43E+01
1.17E+02	1.28E+02
6.67E+01	7.47E+01
3.73E+01	4.23E+01
2.65E+01	3.01E+01
5.74E+01	6.45E+01
7.85E+01	8.74E+01
3.73E+01	4.23E+01
5.74E+01	6.46E+01
2.65E+01	3.02E+01
1.17E+02	1.28E+02
5.74E+01	6.46E+01
4.81E+01	5.43E+01
1.45E+02	1.56E+02
9.02E+01	9.99E+01
1.45E+02	1.56E+02
1.82E+01	2.07E+01
6.67E+01	7.47E+01
1.17E+02	1.28E+02
6.67E+01	7.47E+01
9.02E+01	9.99E+01
5.74E+01	6.46E+01
4.81E+01	5.43E+01
2.65E+01	3.02E+01
1.03E+02	1.13E+02
7.85E+01	8.74E+01
1.03E+02	1.13E+02
1.31E+02	1.42E+02
1.03E+02	1.13E+02
1.82E+01	2.07E+01
7.85E+01	8.74E+01
1.31E+02	1.42E+02
1.82E+01	2.07E+01
1.17E+02	1.28E+02
4.81E+01	5.43E+01
1.03E+02	1.13E+02
4.81E+01	5.42E+01
3.73E+01	4.23E+01
3.73E+01	4.23E+01
2.65E+01	3.01E+01
9.02E+01	9.99E+01
7.85E+01	8.74E+01
1.82E+01	2.07E+01
7.85E+01	8.74E+01
6.67E+01	7.47E+01
5.74E+01	6.46E+01
6.67E+01	7.47E+01
6.67E+01	7.47E+01
2.65E+01	3.01E+01
4.81E+01	5.43E+01
4.81E+01	5.42E+01
3.73E+01	4.23E+01
5.74E+01	6.45E+01
4.81E+01	5.43E+01
3.73E+01	4.23E+01
7.85E+01	8.74E+01
2.65E+01	3.01E+01
6.67E+01	7.47E+01
5.74E+01	6.46E+01
9.02E+01	9.99E+01
2.65E+01	3.02E+01
3.73E+01	4.23E+01
1.45E+02	1.56E+02
6.67E+01	7.47E+01
1.82E+01	2.07E+01
1.17E+02	1.28E+02
1.45E+02	1.56E+02
1.17E+02	1.28E+02
9.02E+01	9.99E+01
1.82E+01	2.07E+01
1.45E+02	1.56E+02
1.03E+02	1.13E+02
1.31E+02	1.42E+02
1.03E+02	1.13E+02
1.82E+01	2.07E+01
3.73E+01	4.23E+01
1.31E+02	1.42E+02
1.03E+02	1.13E+02
1.82E+01	2.07E+01
1.45E+02	1.56E+02
1.31E+02	1.42E+02
3.73E+01	4.23E+01
7.85E+01	8.74E+01
7.85E+01	8.74E+01
6.67E+01	7.47E+01
4.81E+01	5.43E+01
5.74E+01	6.45E+01
3.73E+01	4.23E+01
2.65E+01	3.01E+01
1.31E+02	1.42E+02
5.74E+01	6.46E+01
1.03E+02	1.13E+02
1.45E+02	1.56E+02
9.02E+01	9.99E+01
6.67E+01	7.47E+01
9.02E+01	9.99E+01
9.02E+01	9.99E+01
3.73E+01	4.23E+01
7.85E+01	8.74E+01
5.74E+01	6.45E+01
2.65E+01	3.02E+01
4.81E+01	5.43E+01
2.65E+01	3.01E+01
7.85E+01	8.74E+01
9.02E+01	9.99E+01
1.31E+02	1.42E+02
1.17E+02	1.28E+02
5.74E+01	6.46E+01
1.17E+02	1.28E+02
5.74E+01	6.46E+01
6.67E+01	7.47E+01
2.65E+01	3.02E+01
4.81E+01	5.43E+01
2.65E+01	3.02E+01
4.81E+01	5.43E+01
1.82E+01	2.07E+01
1.45E+02	1.56E+02
4.81E+01	5.43E+01
1.17E+02	1.28E+02
2.65E+01	3.01E+01
1.82E+01	2.07E+01
1.03E+02	1.13E+02
4.81E+01	5.43E+01
1.45E+02	1.56E+02
7.85E+01	8.74E+01
1.03E+02	1.13E+02
1.45E+02	1.56E+02
1.31E+02	1.42E+02
6.67E+01	7.47E+01
1.17E+02	1.28E+02
6.67E+01	7.47E+01
1.82E+01	2.07E+01
1.82E+01	2.07E+01
3.73E+01	4.23E+01
5.74E+01	6.46E+01
1.31E+02	1.42E+02
1.31E+02	1.42E+02
3.73E+01	4.23E+01
5.74E+01	6.45E+01
5.74E+01	6.45E+01
9.02E+01	9.99E+01
7.85E+01	8.74E+01
6.67E+01	7.47E+01
1.17E+02	1.28E+02
6.67E+01	7.47E+01
9.02E+01	9.99E+01
1.82E+01	2.07E+01
3.73E+01	4.23E+01
5.74E+01	6.46E+01
4.81E+01	5.43E+01
2.65E+01	3.02E+01
9.81E+00	1.12E+01
9.02E+01	9.99E+01
7.85E+01	8.74E+01
4.81E+01	5.43E+01
6.67E+01	7.47E+01
3.73E+01	4.23E+01
5.74E+01	6.46E+01
2.65E+01	3.02E+01
2.65E+01	3.01E+01
4.81E+01	5.43E+01
9.81E+00	1.12E+01
9.81E+00	1.12E+01
1.82E+01	2.07E+01
1.17E+02	1.28E+02
9.02E+01	9.99E+01
3.73E+01	4.23E+01
1.03E+02	1.13E+02
3.73E+01	4.23E+01
1.82E+01	2.07E+01
1.45E+02	1.56E+02
9.81E+00	1.12E+01
1.03E+02	1.13E+02
1.17E+02	1.28E+02
1.82E+01	2.07E+01
1.17E+02	1.28E+02
1.03E+02	1.13E+02
1.82E+01	2.07E+01
3.73E+01	4.23E+01
5.74E+01	6.46E+01
7.85E+01	8.74E+01
3.73E+01	4.23E+01
3.73E+01	4.23E+01
1.31E+02	1.42E+02
7.85E+01	8.74E+01
7.85E+01	8.74E+01
2.65E+01	3.01E+01
2.65E+01	3.02E+01
6.67E+01	7.47E+01
6.67E+01	7.47E+01
1.03E+02	1.13E+02
5.74E+01	6.46E+01
4.81E+01	5.42E+01
7.85E+01	8.74E+01
9.81E+00	1.12E+01
1.45E+02	1.56E+02
9.02E+01	9.99E+01
4.81E+01	5.43E+01
2.65E+01	3.02E+01
2.65E+01	3.01E+01
9.02E+01	9.99E+01
9.81E+00	1.12E+01
6.67E+01	7.47E+01
2.65E+01	3.02E+01
1.03E+02	1.13E+02
4.81E+01	5.42E+01
1.45E+02	1.56E+02
5.74E+01	6.45E+01
9.81E+00	1.12E+01
1.31E+02	1.42E+02
6.67E+01	7.47E+01
9.81E+00	1.12E+01
1.82E+01	2.07E+01
1.45E+02	1.56E+02
4.81E+01	5.43E+01
4.81E+01	5.43E+01
1.31E+02	1.42E+02
1.17E+02	1.28E+02
3.73E+01	4.23E+01
5.74E+01	6.46E+01
2.65E+01	3.02E+01
1.03E+02	1.13E+02
5.74E+01	6.46E+01
1.82E+01	2.07E+01
1.31E+02	1.42E+02
7.85E+01	8.74E+01
1.82E+01	2.07E+01
6.67E+01	7.47E+01
4.90E+00	5.61E+00
2.65E+01	3.02E+01
7.85E+01	8.74E+01
1.03E+02	1.13E+02
1.03E+02	1.13E+02
5.74E+01	6.46E+01
1.82E+01	2.07E+01
1.82E+01	2.07E+01
2.65E+01	3.01E+01
7.85E+01	8.74E+01
3.73E+01	4.23E+01
5.74E+01	6.46E+01
4.81E+01	5.43E+01
9.02E+01	9.99E+01
4.90E+00	5.61E+00
1.82E+01	2.07E+01
4.90E+00	5.61E+00
1.17E+02	1.28E+02
4.81E+01	5.43E+01
4.81E+01	5.43E+01
6.67E+01	7.47E+01
9.02E+01	9.99E+01
9.81E+00	1.12E+01
3.73E+01	4.23E+01
2.65E+01	3.02E+01
3.73E+01	4.23E+01
5.74E+01	6.46E+01
3.73E+01	4.23E+01
9.81E+00	1.12E+01
9.02E+01	9.99E+01
4.81E+01	5.43E+01
1.45E+02	1.56E+02
7.85E+01	8.74E+01
4.90E+00	5.61E+00
1.17E+02	1.28E+02
6.67E+01	7.48E+01
3.73E+01	4.23E+01
4.81E+01	5.43E+01
9.02E+01	9.99E+01
1.17E+02	1.28E+02
1.31E+02	1.42E+02
9.81E+00	1.12E+01
9.81E+00	1.12E+01
1.45E+02	1.56E+02
1.82E+01	2.07E+01
4.90E+00	5.61E+00
9.02E+01	9.99E+01
9.81E+00	1.12E+01
1.82E+01	2.07E+01
3.73E+01	4.23E+01
5.74E+01	6.46E+01
1.82E+01	2.07E+01
1.03E+02	1.13E+02
1.45E+02	1.56E+02
5.74E+01	6.46E+01
1.31E+02	1.42E+02
7.85E+01	8.74E+01
4.90E+00	5.61E+00
2.65E+01	3.02E+01
7.85E+01	8.74E+01
6.67E+01	7.47E+01
4.81E+01	5.43E+01
3.73E+01	4.23E+01
6.67E+01	7.47E+01
6.67E+01	7.48E+01
2.65E+01	3.02E+01
4.90E+00	5.61E+00
3.73E+01	4.23E+01
1.31E+02	1.42E+02
9.81E+00	1.12E+01
4.90E+00	5.61E+00
4.81E+01	5.43E+01
2.65E+01	3.02E+01
9.02E+01	9.99E+01
6.67E+01	7.47E+01
5.74E+01	6.45E+01
1.17E+02	1.28E+02
5.74E+01	6.46E+01
2.65E+01	3.02E+01
9.81E+00	1.12E+01
1.03E+02	1.13E+02
1.45E+02	1.56E+02
9.81E+00	1.12E+01
9.02E+01	9.99E+01
9.02E+01	9.99E+01
1.82E+01	2.07E+01
1.82E+01	2.07E+01
4.81E+01	5.43E+01
9.81E+00	1.12E+01
2.65E+01	3.02E+01
3.90E-24	-2.63E-21
1.03E+02	1.13E+02
1.45E+02	1.56E+02
2.65E+01	3.01E+01
1.31E+02	1.42E+02
1.17E+02	1.28E+02
1.82E+01	2.07E+01
1.82E+01	2.07E+01
5.74E+01	6.46E+01
1.03E+02	1.13E+02
3.73E+01	4.23E+01
7.84E-24	-5.20E-21
4.81E+01	5.43E+01
7.85E+01	8.74E+01
7.94E-24	-5.15E-21
4.90E+00	5.61E+00
1.82E+01	2.07E+01
4.81E+01	5.43E+01
2.65E+01	3.02E+01
1.31E+02	1.42E+02
1.17E+02	1.28E+02
2.65E+01	3.01E+01
3.73E+01	4.23E+01
2.65E+01	3.02E+01
6.67E+01	7.47E+01
7.85E+01	8.74E+01
4.90E+00	5.61E+00
6.67E+01	7.48E+01
7.85E+01	8.74E+01
5.74E+01	6.46E+01
3.73E+01	4.23E+01
1.60E-23	-1.01E-20
4.81E+01	5.43E+01
6.67E+01	7.48E+01
4.81E+01	5.43E+01
4.90E+00	5.61E+00
9.81E+00	1.12E+01
1.82E+01	2.07E+01
4.90E+00	5.61E+00
3.73E+01	4.23E+01
5.74E+01	6.46E+01
1.45E+02	1.56E+02
7.85E+01	8.74E+01
3.73E+01	4.23E+01
1.45E+02	1.56E+02
4.81E+01	5.43E+01
1.45E+02	1.56E+02
9.02E+01	9.99E+01
1.17E+02	1.28E+02
1.82E+01	2.07E+01
6.67E+01	7.48E+01
9.81E+00	1.12E+01
4.90E+00	5.61E+00
7.91E-24	-5.16E-21
1.31E+02	1.42E+02
9.81E+00	1.12E+01
1.82E+01	2.07E+01
1.45E+02	1.56E+02
1.03E+02	1.13E+02
1.31E+02	1.42E+02
7.85E+01	8.74E+01
1.31E+02	1.42E+02
1.17E+02	1.28E+02
8.34E-24	-4.92E-21
9.81E+00	1.12E+01
9.81E+00	1.12E+01
2.65E+01	3.01E+01
1.82E+01	2.07E+01
1.62E-23	-9.94E-21
1.31E+02	1.42E+02
3.73E+01	4.23E+01
9.81E+00	1.12E+01
4.90E+00	5.61E+00
9.02E+01	9.99E+01
3.73E+01	4.23E+01
1.68E-23	-9.46E-21
3.73E+01	4.23E+01
5.74E+01	6.46E+01
1.03E+02	1.13E+02
5.74E+01	6.46E+01
5.74E+01	6.46E+01
7.85E+01	8.74E+01
3.73E+01	4.23E+01
4.90E+00	5.61E+00
4.81E+01	5.44E+01
6.67E+01	7.47E+01
4.81E+01	5.43E+01
2.65E+01	3.02E+01
6.67E+01	7.48E+01
9.02E+01	9.99E+01
4.90E+00	5.61E+00
5.74E+01	6.46E+01
1.03E+02	1.13E+02
3.73E+01	4.23E+01
4.90E+00	5.62E+00
7.85E+01	8.74E+01
2.65E+01	3.02E+01
7.85E+01	8.74E+01
2.65E+01	3.02E+01
9.02E+01	9.99E+01
1.17E+02	1.28E+02
2.65E+01	3.02E+01
1.17E+02	1.28E+02
1.17E+02	1.28E+02
4.81E+01	5.43E+01
9.81E+00	1.12E+01
4.81E+01	5.44E+01
2.65E+01	3.02E+01
1.82E+01	2.07E+01
1.45E+02	1.56E+02
1.17E+02	1.28E+02
1.45E+02	1.56E+02
9.81E+00	1.12E+01
1.82E+01	2.07E+01
1.70E-23	-9.15E-21
9.81E+00	1.12E+01
1.03E+02	1.13E+02
6.27E-24	-4.07E-21
1.82E+01	2.07E+01
3.73E+01	4.23E+01
1.31E+02	1.42E+02
1.31E+02	1.42E+02
5.74E+01	6.46E+01
1.82E+01	2.07E+01
4.81E+01	5.43E+01
1.03E+02	1.13E+02
4.90E+00	5.61E+00
3.73E+01	4.23E+01
5.74E+01	6.46E+01
2.65E+01	3.02E+01
1.28E-23	-7.89E-21
6.67E+01	7.48E+01
8.99E-24	-4.54E-21
9.02E+01	9.99E+01
5.74E+01	6.46E+01
2.65E+01	3.02E+01
6.67E+01	7.48E+01
1.82E+01	2.07E+01
4.90E+00	5.62E+00
7.85E+01	8.74E+01
6.67E+01	7.47E+01
2.65E+01	3.02E+01
1.82E+01	2.07E+01
9.81E+00	1.12E+01
9.81E+00	1.12E+01
4.90E+00	5.61E+00
4.81E+01	5.44E+01
3.73E+01	4.23E+01
1.81E-23	-8.49E-21
5.74E+01	6.46E+01
4.90E+00	5.62E+00
4.90E+00	5.62E+00
1.45E+02	1.56E+02
9.02E+01	9.99E+01
6.67E+01	7.48E+01
4.81E+01	5.44E+01
1.82E+01	2.07E+01
9.81E+00	1.12E+01
1.45E+02	1.56E+02
1.82E+01	2.07E+01
9.81E+00	1.12E+01
1.82E+01	2.07E+01
4.90E+00	5.61E+00
1.17E+02	1.28E+02
1.03E+02	1.13E+02
1.17E+02	1.28E+02
5.31E-24	-3.43E-21
3.73E+01	4.24E+01
9.81E+00	1.12E+01
1.03E+02	1.13E+02
1.03E+02	1.13E+02
3.73E+01	4.23E+01
1.31E+02	1.42E+02
9.02E+01	9.99E+01
1.45E+02	1.56E+02
7.85E+01	8.75E+01
1.31E+02	1.42E+02
6.67E+01	7.48E+01
1.36E-23	-7.30E-21
1.03E+02	1.13E+02
1.45E+02	1.56E+02
1.09E-23	-6.69E-21
2.65E+01	3.01E+01
3.73E+01	4.23E+01
7.85E+01	8.75E+01
3.73E+01	4.24E+01
1.31E+02	1.42E+02
1.45E+02	1.56E+02
1.84E-23	-7.88E-21
2.65E+01	3.02E+01
9.81E+00	1.12E+01
5.74E+01	6.46E+01
5.74E+01	6.46E+01
7.85E+01	8.74E+01
4.81E+01	5.43E+01
1.31E+02	1.42E+02
4.90E+00	5.62E+00
3.73E+01	4.23E+01
4.81E+01	5.43E+01
4.81E+01	5.44E+01
6.67E+01	7.48E+01
2.65E+01	3.01E+01
9.81E+00	1.12E+01
9.02E+01	9.99E+01
1.31E+02	1.42E+02
4.90E+00	5.62E+00
1.82E+01	2.07E+01
9.81E+00	1.12E+01
4.81E+01	5.43E+01
4.90E+00	5.61E+00
2.65E+01	3.02E+01
6.67E+01	7.48E+01
2.65E+01	3.02E+01
6.67E+01	7.48E+01
9.02E+01	9.99E+01
1.17E+02	1.28E+02
1.17E+02	1.28E+02
9.81E+00	1.12E+01
1.45E+02	1.56E+02
1.45E+02	1.56E+02
1.82E+01	2.08E+01
1.15E-23	-6.19E-21
1.17E+02	1.28E+02
1.45E+02	1.56E+02
1.82E+01	2.07E+01
1.03E+02	1.13E+02
3.73E+01	4.24E+01
1.31E+02	1.42E+02
1.82E+01	2.08E+01
3.73E+01	4.23E+01
7.85E+01	8.74E+01
1.03E+02	1.13E+02
1.31E+02	1.42E+02
2.65E+01	3.02E+01
1.17E+02	1.28E+02
1.82E+01	2.07E+01
4.90E+00	5.61E+00
4.90E+00	5.62E+00
8.46E-24	-3.38E-21
5.74E+01	6.46E+01
2.65E+01	3.01E+01
2.65E+01	3.02E+01
1.17E+02	1.28E+02
6.07E-24	-3.87E-21
4.81E+01	5.44E+01
5.74E+01	6.47E+01
1.31E+02	1.42E+02
1.82E+01	2.08E+01
9.02E+01	1.00E+02
4.81E+01	5.44E+01
2.65E+01	3.02E+01
9.02E+01	9.99E+01
1.45E+02	1.56E+02
9.02E+01	9.99E+01
5.74E+01	6.46E+01
4.90E+00	5.62E+00
1.47E-23	-6.17E-21
3.73E+01	4.23E+01
1.71E-23	-6.01E-21
4.90E+00	5.61E+00
7.85E+01	8.75E+01
4.81E+01	5.44E+01
9.81E+00	1.12E+01
3.73E+01	4.24E+01
1.24E-23	-7.51E-21
2.65E+01	3.02E+01
4.90E+00	5.62E+00
6.67E+01	7.48E+01
9.02E+01	1.00E+02
1.45E+02	1.56E+02
9.81E+00	1.12E+01
1.45E+02	1.56E+02
5.74E+01	6.46E+01
1.31E+02	1.42E+02
7.85E+01	8.75E+01
9.81E+00	1.12E+01
1.82E+01	2.08E+01
4.81E+01	5.44E+01
1.45E+02	1.56E+02
1.17E+02	1.28E+02
1.31E+02	1.42E+02
1.31E+02	1.42E+02
1.17E+02	1.28E+02
1.82E+01	2.07E+01
9.81E+00	1.12E+01
1.45E+02	1.56E+02
3.73E+01	4.23E+01
4.90E+00	5.62E+00
5.74E+01	6.46E+01
1.03E+02	1.13E+02
1.03E+02	1.13E+02
1.82E+01	2.08E+01
1.17E+02	1.28E+02
1.31E+02	1.42E+02
2.65E+01	3.02E+01
1.45E+02	1.56E+02
6.67E+01	7.48E+01
4.90E+00	5.62E+00
1.74E-23	-5.10E-21
9.81E+00	1.12E+01
1.31E+02	1.42E+02
1.45E+02	1.56E+02
9.81E+00	1.12E+01
1.03E+02	1.13E+02
7.85E+01	8.74E+01
4.90E+00	5.61E+00
2.65E+01	3.02E+01
3.73E+01	4.24E+01
1.26E-23	-5.11E-21
6.67E+01	7.48E+01
1.45E+02	1.56E+02
1.31E+02	1.42E+02
1.32E-23	-6.85E-21
5.74E+01	6.46E+01
1.45E+02	1.56E+02
1.03E+02	1.13E+02
1.17E+02	1.28E+02
4.81E+01	5.43E+01
4.90E+00	5.62E+00
9.81E+00	1.12E+01
1.31E+02	1.42E+02
4.81E+01	5.44E+01
7.85E+01	8.74E+01
6.67E+01	7.48E+01
3.73E+01	4.24E+01
9.81E+00	1.12E+01
9.81E+00	1.12E+01
1.03E+02	1.13E+02
1.45E+02	1.56E+02
9.02E+01	1.00E+02
1.31E+02	1.42E+02
5.74E+01	6.46E+01
5.74E+01	6.47E+01
2.65E+01	3.02E+01
1.17E+02	1.28E+02
9.02E+01	1.00E+02
1.31E+02	1.42E+02
1.17E+02	1.28E+02
1.82E+01	2.07E+01
1.82E+01	2.08E+01
1.31E+02	1.42E+02
1.17E+02	1.28E+02
1.45E+02	1.56E+02
7.30E-24	-4.52E-21
1.17E+02	1.28E+02
7.77E-24	-2.15E-21
2.65E+01	3.02E+01
2.65E+01	3.02E+01
1.82E+01	2.07E+01
1.45E+02	1.56E+02
1.31E+02	1.42E+02
1.17E+02	1.28E+02
3.73E+01	4.23E+01
1.03E+02	1.13E+02
7.85E+01	8.75E+01
1.03E+02	1.13E+02
3.73E+01	4.23E+01
1.57E-23	-3.50E-21
3.73E+01	4.24E+01
1.82E+01	2.08E+01
7.85E+01	8.74E+01
1.50E-23	-8.68E-21
7.85E+01	8.75E+01
4.90E+00	5.62E+00
1.82E+01	2.08E+01
1.17E+02	1.28E+02
2.65E+01	3.02E+01
6.67E+01	7.48E+01
2.65E+01	3.02E+01
1.31E+02	1.42E+02
9.81E+00	1.12E+01
4.90E+00	5.62E+00
1.45E+02	1.56E+02
1.40E-23	-3.83E-21
1.03E+02	1.13E+02
1.17E+02	1.28E+02
3.73E+01	4.23E+01
4.81E+01	5.44E+01
1.45E+02	1.56E+02
7.85E+01	8.75E+01
1.17E+02	1.28E+02
1.45E+02	1.56E+02
4.90E+00	5.62E+00
4.81E+01	5.44E+01
2.65E+01	3.02E+01
9.02E+01	1.00E+02
9.02E+01	1.00E+02
1.45E+02	1.56E+02
1.45E+02	1.56E+02
5.74E+01	6.46E+01
4.81E+01	5.44E+01
1.31E+02	1.42E+02
1.17E+02	1.28E+02
4.90E+00	5.62E+00
1.31E+02	1.42E+02
6.67E+01	7.48E+01
9.81E+00	1.12E+01
1.03E+02	1.13E+02
1.31E+02	1.42E+02
1.45E-23	-5.46E-21
1.82E+01	2.08E+01
9.02E+01	1.00E+02
1.31E+02	1.42E+02
1.31E+02	1.42E+02
4.81E+01	5.44E+01
1.82E+01	2.07E+01
1.82E+01	2.07E+01
9.81E+00	1.12E+01
9.81E+00	1.12E+01
4.90E+00	5.62E+00
1.17E+02	1.28E+02
6.67E+01	7.48E+01
1.60E-23	-2.51E-21
1.45E+02	1.56E+02
1.03E+02	1.13E+02
9.81E+00	1.12E+01
9.02E+01	1.00E+02
4.90E+00	5.61E+00
1.03E+02	1.13E+02
1.82E+01	2.08E+01
1.45E+02	1.56E+02
1.60E-23	-7.70E-21
9.02E+01	1.00E+02
5.74E+01	6.47E+01
1.17E+02	1.28E+02
1.45E+02	1.56E+02
3.73E+01	4.24E+01
9.81E+00	1.12E+01
1.82E+01	2.08E+01
1.03E+02	1.13E+02
4.81E+01	5.44E+01
1.31E+02	1.42E+02
3.73E+01	4.24E+01
2.65E+01	3.02E+01
4.90E+00	5.63E+00
2.65E+01	3.02E+01
4.90E+00	5.61E+00
4.90E+00	5.63E+00
1.03E+02	1.13E+02
1.20E-23	-3.06E-21
1.45E+02	1.56E+02
1.31E+02	1.42E+02
5.74E+01	6.47E+01
3.73E+01	4.24E+01
1.31E+02	1.42E+02
1.17E+02	1.28E+02
7.85E+01	8.75E+01
1.03E+02	1.13E+02
6.67E+01	7.48E+01
1.17E+02	1.28E+02
5.74E+01	6.47E+01
7.85E+01	8.75E+01
1.17E+02	1.28E+02
1.31E+02	1.42E+02
1.03E+02	1.13E+02
2.65E+01	3.02E+01
1.45E+02	1.56E+02
4.81E+01	5.44E+01
1.17E+02	1.28E+02
9.81E+00	1.13E+01
1.17E+02	1.28E+02
3.73E+01	4.24E+01
2.65E+01	3.02E+01
1.03E+02	1.13E+02
6.67E+01	7.48E+01
9.02E+01	1.00E+02
1.82E+01	2.08E+01
9.81E+00	1.12E+01
9.02E+01	1.00E+02
1.03E+02	1.13E+02
4.81E+01	5.44E+01
4.81E+01	5.44E+01
1.31E+02	1.42E+02
9.81E+00	1.12E+01
9.02E+01	1.00E+02
1.82E+01	2.08E+01
1.03E+02	1.13E+02
1.17E+02	1.28E+02
8.39E-24	-1.35E-21
1.45E+02	1.56E+02
4.90E+00	5.61E+00
1.17E+02	1.28E+02
2.65E+01	3.02E+01
1.29E-23	-1.84E-21
1.17E+02	1.28E+02
1.45E+02	1.56E+02
1.03E+02	1.13E+02
1.82E+01	2.07E+01
9.02E+01	1.00E+02
3.73E+01	4.23E+01
1.69E-23	-1.93E-21
5.74E+01	6.47E+01
1.31E+02	1.42E+02
1.17E+02	1.28E+02
3.73E+01	4.24E+01
7.85E+01	8.75E+01
6.67E+01	7.48E+01
7.85E+01	8.75E+01
1.03E+02	1.13E+02
6.67E+01	7.48E+01
4.90E+00	5.63E+00
6.67E+01	7.48E+01
2.65E+01	3.02E+01
1.31E+02	1.42E+02
1.75E-23	-5.85E-21
9.02E+01	1.00E+02
9.02E+01	1.00E+02
1.45E+02	1.56E+02
9.81E+00	1.12E+01
1.82E+01	2.08E+01
4.90E+00	5.62E+00
7.85E+01	8.75E+01
1.17E+02	1.28E+02
4.90E+00	5.63E+00
6.67E+01	7.48E+01
2.65E+01	3.03E+01
1.82E+01	2.08E+01
9.81E+00	1.12E+01
5.74E+01	6.47E+01
4.90E+00	5.63E+00
1.03E+02	1.13E+02
1.38E-23	-3.10E-21
9.02E+01	1.00E+02
1.03E+02	1.13E+02
1.45E+02	1.56E+02
8.54E-24	-5.13E-21
1.31E+02	1.42E+02
4.81E+01	5.44E+01
9.02E+01	1.00E+02
7.85E+01	8.75E+01
1.03E+02	1.13E+02
9.81E+00	1.12E+01
4.90E+00	5.63E+00
1.45E+02	1.56E+02
1.82E+01	2.08E+01
1.03E+02	1.13E+02
7.85E+01	8.75E+01
1.03E+02	1.13E+02
5.74E+01	6.47E+01
1.82E+01	2.08E+01
9.02E+01	9.99E+01
1.45E+02	1.56E+02
1.73E-23	-1.14E-21
1.31E+02	1.42E+02
9.81E+00	1.13E+01
1.75E-23	-9.71E-21
1.11E-23	-1.49E-21
9.81E+00	1.13E+01
1.17E+02	1.28E+02
9.02E+01	1.00E+02
1.31E+02	1.42E+02
1.82E+01	2.08E+01
9.02E+01	9.99E+01
1.17E+02	1.28E+02
3.73E+01	4.24E+01
1.31E+02	1.42E+02
1.03E+02	1.13E+02
9.02E+01	1.00E+02
2.65E+01	3.02E+01
4.81E+01	5.45E+01
4.90E+00	5.63E+00
3.73E+01	4.24E+01
2.65E+01	3.02E+01
2.65E+01	3.03E+01
1.45E+02	1.56E+02
1.03E+02	1.13E+02
5.74E+01	6.46E+01
3.73E+01	4.24E+01
1.03E+02	1.13E+02
9.02E+01	1.00E+02
4.90E+00	5.62E+00
4.81E+01	5.45E+01
7.85E+01	8.75E+01
2.65E+01	3.02E+01
9.81E+00	1.12E+01
1.17E+02	1.28E+02
7.85E+01	8.75E+01
4.90E+00	5.63E+00
1.03E+02	1.13E+02
6.67E+01	7.48E+01
1.31E+02	1.42E+02
9.81E+00	1.12E+01
9.81E+00	1.12E+01
5.74E+01	6.46E+01
6.67E+01	7.48E+01
3.73E+01	4.24E+01
4.81E+01	5.44E+01
7.85E+01	8.75E+01
9.02E+01	1.00E+02
1.17E+02	1.28E+02
9.81E+00	1.13E+01
1.82E+01	2.08E+01
1.82E+01	2.08E+01
1.87E-23	-8.37E-21
1.17E+02	1.28E+02
1.03E+02	1.13E+02
9.02E+01	1.00E+02
9.81E+00	1.13E+01
3.73E+01	4.24E+01
1.17E+02	1.28E+02
7.85E+01	8.75E+01
1.45E+02	1.56E+02
1.82E+01	2.07E+01
1.39E-23	-1.07E-21
9.02E+01	1.00E+02
2.65E+01	3.02E+01
9.02E+01	1.00E+02
4.90E+00	5.61E+00
1.82E+01	2.08E+01
1.45E+02	1.56E+02
7.85E+01	8.75E+01
2.65E+01	3.03E+01
7.85E+01	8.75E+01
5.74E+01	6.47E+01
9.02E+01	1.00E+02
1.31E+02	1.42E+02
4.90E+00	5.63E+00
1.03E+02	1.13E+02
1.68E-23	-3.05E-21
5.74E+01	6.46E+01
9.04E-24	-5.82E-22
1.17E+02	1.28E+02
5.74E+01	6.47E+01
3.73E+01	4.24E+01
9.02E+01	1.00E+02
9.02E+01	1.00E+02
2.65E+01	3.03E+01
1.28E-23	-1.51E-21
1.45E+02	1.56E+02
4.81E+01	5.44E+01
1.03E+02	1.13E+02
9.81E+00	1.13E+01
6.67E+01	7.48E+01
7.85E+01	8.75E+01
1.31E+02	1.42E+02
4.90E+00	5.61E+00
6.67E+01	7.49E+01
5.74E+01	6.47E+01
7.85E+01	8.75E+01
1.83E-23	-7.14E-22
3.73E+01	4.24E+01
3.73E+01	4.25E+01
1.82E+01	2.08E+01
9.81E+00	1.13E+01
1.31E+02	1.42E+02
4.90E+00	5.63E+00
2.65E+01	3.03E+01
1.45E+02	1.56E+02
4.90E+00	5.63E+00
7.85E+01	8.74E+01
9.02E+01	1.00E+02
6.67E+01	7.49E+01
1.03E+02	1.13E+02
4.81E+01	5.45E+01
9.02E+01	1.00E+02
7.85E+01	8.75E+01
6.67E+01	7.48E+01
9.02E+01	1.00E+02
1.45E+02	1.56E+02
7.85E+01	8.74E+01
1.31E+02	1.42E+02
9.81E+00	1.12E+01
1.82E+01	2.08E+01
1.03E+02	1.13E+02
6.67E+01	7.48E+01
7.85E+01	8.75E+01
1.19E-23	-1.23E-21
4.81E+01	5.45E+01
9.02E+01	1.00E+02
1.45E+02	1.56E+02
1.17E+02	1.28E+02
1.45E+02	1.56E+02
1.03E+02	1.13E+02
2.06E-23	-6.15E-21
1.82E+01	2.08E+01
7.85E+01	8.75E+01
4.90E+00	5.63E+00
1.31E+02	1.42E+02
1.03E+02	1.13E+02
1.17E+02	1.28E+02
1.86E-23	-6.17E-22
4.90E+00	5.61E+00
9.81E+00	1.13E+01
4.90E+00	5.62E+00
1.31E+02	1.42E+02
1.45E+02	1.56E+02
1.45E+02	1.56E+02
2.65E+01	3.02E+01
1.31E+02	1.42E+02
9.81E+00	1.12E+01
9.02E+01	1.00E+02
2.65E+01	3.03E+01
1.17E+02	1.28E+02
4.90E+00	5.63E+00
7.85E+01	8.75E+01
5.74E+01	6.47E+01
3.73E+01	4.24E+01
4.81E+01	5.44E+01
1.31E+02	1.42E+02
1.31E+02	1.42E+02
5.74E+01	6.47E+01
9.81E+00	1.13E+01
4.90E+00	5.63E+00
1.03E+02	1.13E+02
6.67E+01	7.49E+01
9.81E+00	1.13E+01
6.67E+01	7.49E+01
7.85E+01	8.75E+01
1.17E+02	1.28E+02
4.81E+01	5.44E+01
9.02E+01	1.00E+02
1.82E+01	2.08E+01
6.67E+01	7.49E+01
9.81E+00	1.13E+01
1.45E+02	1.56E+02
1.82E+01	2.08E+01
1.82E+01	2.08E+01
9.02E+01	1.00E+02
7.85E+01	8.75E+01
1.17E+02	1.28E+02
4.28E-24	-2.53E-21
7.85E+01	8.75E+01
1.45E+02	1.56E+02
3.73E+01	4.25E+01
1.82E+01	2.08E+01
1.56E-23	-1.45E-21
1.17E+02	1.28E+02
7.85E+01	8.75E+01
1.17E+02	1.28E+02
1.31E+02	1.42E+02
7.85E+01	8.75E+01
4.90E+00	5.63E+00
7.85E+01	8.75E+01
6.67E+01	7.49E+01
8.78E-24	-4.76E-21
3.73E+01	4.25E+01
2.65E+01	3.03E+01
9.02E+01	1.00E+02
1.31E+02	1.42E+02
1.17E+02	1.28E+02
1.03E+02	1.13E+02
1.17E+02	1.28E+02
4.90E+00	5.63E+00
2.65E+01	3.03E+01
6.67E+01	7.49E+01
5.74E+01	6.47E+01
6.67E+01	7.49E+01
3.73E+01	4.24E+01
1.38E-23	-1.63E-21
4.81E+01	5.46E+01
5.74E+01	6.48E+01
2.65E+01	3.02E+01
1.49E-23	-1.20E-21
4.81E+01	5.44E+01
9.02E+01	1.00E+02
4.81E+01	5.45E+01
1.03E+02	1.13E+02
7.85E+01	8.75E+01
9.81E+00	1.13E+01
9.81E+00	1.13E+01
6.67E+01	7.49E+01
9.02E+01	1.00E+02
7.85E+01	8.75E+01
4.90E+00	5.62E+00
5.74E+01	6.48E+01
1.03E+02	1.13E+02
6.67E+01	7.49E+01
7.85E+01	8.75E+01
4.81E+01	5.46E+01
2.65E+01	3.02E+01
9.02E+01	1.00E+02
1.82E+01	2.08E+01
1.45E+02	1.56E+02
1.82E+01	2.08E+01
5.74E+01	6.47E+01
7.85E+01	8.75E+01
1.17E+02	1.28E+02
1.45E+02	1.56E+02
6.67E+01	7.48E+01
9.81E+00	1.12E+01
5.74E+01	6.47E+01
8.34E-24	-6.12E-23
1.82E+01	2.08E+01
1.45E+02	1.56E+02
9.81E+00	1.13E+01
6.67E+01	7.49E+01
1.03E+02	1.13E+02
4.90E+00	5.64E+00
2.65E+01	3.03E+01
1.17E+02	1.28E+02
4.90E+00	5.63E+00
1.31E+02	1.42E+02
9.40E-24	-4.05E-21
1.98E-23	-3.01E-21
6.67E+01	7.48E+01
1.31E+02	1.42E+02
9.02E+01	1.00E+02
7.85E+01	8.75E+01
6.67E+01	7.49E+01
3.73E+01	4.24E+01
1.68E-23	-1.78E-22
1.45E+02	1.56E+02
1.31E+02	1.42E+02
1.03E+02	1.13E+02
1.82E+01	2.08E+01
4.90E+00	5.63E+00
4.90E+00	5.64E+00
1.03E+02	1.13E+02
6.67E+01	7.49E+01
1.25E-23	-1.88E-21
1.03E+02	1.13E+02
9.81E+00	1.13E+01
2.65E+01	3.02E+01
1.45E+02	1.56E+02
1.31E+02	1.42E+02
4.90E+00	5.63E+00
5.74E+01	6.48E+01
3.73E+01	4.26E+01
1.03E+02	1.13E+02
1.03E+02	1.13E+02
5.74E+01	6.48E+01
7.85E+01	8.75E+01
1.45E+02	1.56E+02
6.67E+01	7.49E+01
2.65E+01	3.03E+01
2.65E+01	3.03E+01
4.81E+01	5.44E+01
1.31E+02	1.42E+02
9.81E+00	1.13E+01
4.81E+01	5.45E+01
7.85E+01	8.75E+01
5.74E+01	6.48E+01
1.17E+02	1.28E+02
6.67E+01	7.48E+01
3.73E+01	4.25E+01
9.02E+01	1.00E+02
1.31E+02	1.42E+02
1.17E+02	1.28E+02
1.82E+01	2.08E+01
1.71E-23	-9.42E-22
9.81E+00	1.13E+01
1.82E+01	2.08E+01
1.17E+02	1.28E+02
9.02E+01	1.00E+02
7.85E+01	8.75E+01
1.66E-23	-2.15E-21
1.45E+02	1.56E+02
6.67E+01	7.49E+01
1.03E+02	1.13E+02
5.74E+01	6.48E+01
6.67E+01	7.49E+01
9.02E+01	1.00E+02
6.67E+01	7.49E+01
4.90E+00	5.64E+00
1.17E+02	1.28E+02
4.90E+00	5.63E+00
6.67E+01	7.49E+01
7.85E+01	8.75E+01
1.03E+02	1.13E+02
6.67E+01	7.49E+01
3.73E+01	4.24E+01
5.74E+01	6.48E+01
1.31E+02	1.42E+02
5.74E+01	6.48E+01
7.85E+01	8.75E+01
1.04E-23	-2.94E-21
1.17E+02	1.28E+02
9.02E+01	1.00E+02
7.85E+01	8.75E+01
5.74E+01	6.48E+01
9.81E+00	1.13E+01
3.73E+01	4.24E+01
4.81E+01	5.45E+01
4.90E+00	5.62E+00
2.65E+01	3.03E+01
4.81E+01	5.46E+01
9.81E+00	1.13E+01
9.81E+00	1.13E+01
1.17E+02	1.28E+02
5.74E+01	6.48E+01
4.90E+00	5.64E+00
6.67E+01	7.49E+01
9.02E+01	1.00E+02
1.41E-23	-2.90E-21
6.67E+01	7.49E+01
9.81E+00	1.13E+01
1.84E-23	-1.41E-21
5.74E+01	6.46E+01
1.82E+01	2.08E+01
4.81E+01	5.46E+01
9.02E+01	1.00E+02
6.67E+01	7.49E+01
9.02E+01	1.00E+02
7.85E+01	8.75E+01
1.45E+02	1.56E+02
1.82E+01	2.09E+01
5.74E+01	6.48E+01
6.67E+01	7.48E+01
4.81E+01	5.46E+01
1.82E+01	2.08E+01
8.58E-24	1.87E-22
5.74E+01	6.46E+01
1.03E+02	1.13E+02
4.90E+00	5.64E+00
1.33E-23	-1.82E-21
2.65E+01	3.04E+01
9.02E+01	1.00E+02
9.02E+01	1.00E+02
1.17E+02	1.28E+02
5.74E+01	6.48E+01
4.81E+01	5.45E+01
1.45E+02	1.56E+02
1.03E+02	1.13E+02
1.31E+02	1.42E+02
3.73E+01	4.26E+01
1.03E+02	1.13E+02
3.73E+01	4.24E+01
1.82E+01	2.08E+01
3.73E+01	4.25E+01
1.74E-23	-2.34E-22
5.74E+01	6.48E+01
6.67E+01	7.49E+01
2.65E+01	3.04E+01
1.31E+02	1.42E+02
4.90E+00	5.64E+00
3.73E+01	4.26E+01
2.65E+01	3.03E+01
1.03E+02	1.13E+02
9.81E+00	1.13E+01
5.74E+01	6.48E+01
1.82E+01	2.08E+01
9.81E+00	1.13E+01
4.90E+00	5.65E+00
9.02E+01	1.00E+02
7.85E+01	8.75E+01
1.03E+02	1.13E+02
9.81E+00	1.13E+01
4.81E+01	5.46E+01
6.67E+01	7.49E+01
5.74E+01	6.46E+01
4.81E+01	5.46E+01
7.85E+01	8.75E+01
9.02E+01	1.00E+02
6.67E+01	7.48E+01
1.03E+02	1.13E+02
4.81E+01	5.46E+01
1.17E+02	1.28E+02
1.06E-23	-2.51E-21
1.82E+01	2.08E+01
7.85E+01	8.75E+01
1.78E-23	-2.04E-21
9.81E+00	1.13E+01
5.74E+01	6.48E+01
5.74E+01	6.48E+01
1.45E+02	1.56E+02
1.45E+02	1.56E+02
1.45E+02	1.56E+02
1.45E+02	1.56E+02
1.45E+02	1.56E+02
1.45E+02	1.56E+02
1.17E+02	1.28E+02
5.74E+01	6.48E+01
1.82E+01	2.08E+01
6.67E+01	7.49E+01
1.82E+01	2.09E+01
5.74E+01	6.48E+01
1.45E+02	1.56E+02
1.45E+02	1.56E+02
4.90E+00	5.63E+00
5.74E+01	6.48E+01
2.65E+01	3.03E+01
7.85E+01	8.75E+01
4.81E+01	5.47E+01
4.90E+00	5.63E+00
4.90E+00	5.65E+00
9.97E-24	-1.41E-21
1.31E+02	1.42E+02
1.31E+02	1.42E+02
1.31E+02	1.42E+02
1.31E+02	1.42E+02
1.31E+02	1.42E+02
1.31E+02	1.42E+02
1.03E+02	1.13E+02
1.64E-23	-4.23E-21
6.67E+01	7.49E+01
3.73E+01	4.24E+01
4.81E+01	5.47E+01
4.90E+00	5.63E+00
1.31E+02	1.42E+02
1.31E+02	1.42E+02
3.73E+01	4.26E+01
4.81E+01	5.47E+01
7.85E+01	8.75E+01
6.67E+01	7.49E+01
9.02E+01	1.00E+02
1.45E+02	1.56E+02
5.74E+01	6.48E+01
7.85E+01	8.75E+01
9.81E+00	1.13E+01
2.65E+01	3.04E+01
9.02E+01	1.00E+02
7.85E+01	8.74E+01
6.67E+01	7.49E+01
9.81E+00	1.13E+01
4.81E+01	5.47E+01
5.74E+01	6.48E+01
9.02E+01	1.00E+02
5.74E+01	6.48E+01
4.81E+01	5.46E+01
1.94E-23	-2.63E-21
1.31E+02	1.42E+02
2.65E+01	3.04E+01
7.85E+01	8.75E+01
7.85E+01	8.75E+01
5.74E+01	6.47E+01
4.81E+01	5.44E+01
9.02E+01	1.00E+02
6.67E+01	7.49E+01
4.81E+01	5.47E+01
1.17E+02	1.28E+02
1.17E+02	1.28E+02
1.17E+02	1.28E+02
1.17E+02	1.28E+02
1.17E+02	1.28E+02
1.17E+02	1.28E+02
1.82E+01	2.08E+01
1.32E-23	-3.10E-21
4.90E+00	5.64E+00
1.03E+02	1.13E+02
9.02E+01	1.00E+02
4.81E+01	5.44E+01
1.45E+02	1.56E+02
5.74E+01	6.48E+01
1.17E+02	1.28E+02
1.17E+02	1.28E+02
4.90E+00	5.65E+00
4.81E+01	5.47E+01
3.73E+01	4.25E+01
1.12E-23	-3.51E-21
3.73E+01	4.28E+01
2.65E+01	3.02E+01
9.02E+01	1.00E+02
4.90E+00	5.64E+00
1.03E+02	1.13E+02
7.85E+01	8.75E+01
4.81E+01	5.46E+01
1.31E+02	1.42E+02
1.45E+02	1.56E+02
9.81E+00	1.13E+01
3.73E+01	4.28E+01
7.85E+01	8.75E+01
1.17E+02	1.28E+02
2.65E+01	3.02E+01
1.82E+01	2.09E+01
9.81E+00	1.13E+01
5.74E+01	6.48E+01
4.90E+00	5.65E+00
4.81E+01	5.46E+01
1.45E+02	1.56E+02
6.67E+01	7.49E+01
1.31E+02	1.42E+02
9.81E+00	1.13E+01
3.73E+01	4.26E+01
5.74E+01	6.47E+01
9.02E+01	1.00E+02
1.82E+01	2.09E+01
3.73E+01	4.26E+01
4.81E+01	5.44E+01
6.67E+01	7.49E+01
1.02E-23	2.68E-22
1.31E+02	1.42E+02
9.81E+00	1.13E+01
1.82E+01	2.08E+01
9.24E-24	-6.56E-22
8.71E-24	-3.36E-21
6.67E+01	7.49E+01
5.74E+01	6.48E+01
4.81E+01	5.47E+01
1.17E+02	1.28E+02
2.07E-23	-7.29E-22
4.81E+01	5.47E+01
2.65E+01	3.05E+01
4.81E+01	5.47E+01
9.81E+00	1.13E+01
2.65E+01	3.03E+01
4.90E+00	5.64E+00
2.65E+01	3.04E+01
7.85E+01	8.75E+01
4.90E+00	5.64E+00
1.03E+02	1.13E+02
1.03E+02	1.13E+02
1.03E+02	1.13E+02
1.03E+02	1.13E+02
5.74E+01	6.47E+01
1.45E+02	1.56E+02
4.81E+01	5.47E+01
1.03E+02	1.13E+02
1.03E+02	1.13E+02
4.81E+01	5.47E+01
6.67E+01	7.49E+01
7.85E+01	8.75E+01
1.45E+02	1.56E+02
5.74E+01	6.49E+01
3.73E+01	4.28E+01
1.03E+02	1.13E+02
1.03E+02	1.13E+02
3.73E+01	4.26E+01
2.65E+01	3.05E+01
1.17E+02	1.28E+02
7.85E+01	8.75E+01
5.74E+01	6.49E+01
1.31E+02	1.42E+02
6.67E+01	7.49E+01
9.02E+01	1.00E+02
3.73E+01	4.28E+01
1.31E+02	1.42E+02
9.81E+00	1.13E+01
4.81E+01	5.47E+01
1.17E+02	1.28E+02
6.67E+01	7.49E+01
7.85E+01	8.75E+01
6.67E+01	7.48E+01
1.82E+01	2.09E+01
4.81E+01	5.47E+01
1.03E+02	1.13E+02
9.02E+01	1.00E+02
4.81E+01	5.47E+01
2.13E-23	-3.78E-21
9.81E+00	1.13E+01
9.81E+00	1.13E+01
5.74E+01	6.48E+01
7.85E+01	8.75E+01
1.11E-23	-4.44E-21
6.67E+01	7.49E+01
6.67E+01	7.48E+01
3.73E+01	4.29E+01
4.81E+01	5.44E+01
1.78E-23	-5.19E-21
7.85E+01	8.75E+01
1.82E+01	2.09E+01
3.73E+01	4.29E+01
4.90E+00	5.65E+00
3.73E+01	4.29E+01
4.90E+00	5.66E+00
4.81E+01	5.47E+01
1.17E+02	1.28E+02
1.82E+01	2.09E+01
5.67E-24	-3.67E-21
4.90E+00	5.63E+00
3.73E+01	4.29E+01
1.17E+02	1.28E+02
1.03E+02	1.13E+02
2.65E+01	3.03E+01
6.67E+01	7.49E+01
2.65E+01	3.04E+01
3.73E+01	4.28E+01
1.45E+02	1.56E+02
7.85E+01	8.75E+01
5.74E+01	6.49E+01
4.90E+00	5.64E+00
1.45E+02	1.56E+02
3.73E+01	4.24E+01
6.67E+01	7.48E+01
1.03E+02	1.13E+02
4.81E+01	5.47E+01
3.73E+01	4.29E+01
9.02E+01	1.00E+02
9.02E+01	1.00E+02
9.02E+01	1.00E+02
9.02E+01	1.00E+02
5.74E+01	6.48E+01
9.02E+01	1.00E+02
1.31E+02	1.42E+02
9.02E+01	1.00E+02
9.81E+00	1.13E+01
1.82E+01	2.08E+01
3.73E+01	4.24E+01
1.31E+02	1.42E+02
4.81E+01	5.45E+01
4.90E+00	5.66E+00
9.02E+01	1.00E+02
1.45E+02	1.56E+02
9.02E+01	1.00E+02
1.03E+02	1.13E+02
3.73E+01	4.29E+01
5.74E+01	6.49E+01
9.65E-24	-1.33E-21
1.50E-23	-4.87E-21
1.82E+01	2.08E+01
3.73E+01	4.28E+01
1.31E+02	1.42E+02
4.81E+01	5.47E+01
5.74E+01	6.48E+01
9.02E+01	1.00E+02
2.65E+01	3.03E+01
9.81E+00	1.13E+01
4.90E+00	5.64E+00
2.65E+01	3.07E+01
7.85E+01	8.75E+01
3.73E+01	4.28E+01
6.67E+01	7.49E+01
1.45E+02	1.56E+02
4.81E+01	5.45E+01
6.67E+01	7.50E+01
5.74E+01	6.48E+01
9.81E+00	1.13E+01
4.81E+01	5.48E+01
4.90E+00	5.65E+00
4.90E+00	5.66E+00
1.17E+02	1.28E+02
2.65E+01	3.07E+01
1.03E+02	1.13E+02
6.67E+01	7.49E+01
3.73E+01	4.24E+01
1.45E+02	1.56E+02
7.85E+01	8.75E+01
5.74E+01	6.48E+01
5.74E+01	6.46E+01
1.17E+02	1.28E+02
1.03E+02	1.13E+02
4.81E+01	5.48E+01
1.31E+02	1.42E+02
9.81E+00	1.13E+01
1.82E+01	2.10E+01
2.65E+01	3.05E+01
1.82E+01	2.08E+01
1.82E+01	2.09E+01
6.67E+01	7.48E+01
1.31E+02	1.42E+02
2.65E+01	3.04E+01
3.73E+01	4.29E+01
5.74E+01	6.48E+01
5.74E+01	6.46E+01
9.02E+01	1.00E+02
6.40E-24	-4.41E-21
3.73E+01	4.30E+01
1.17E+02	1.28E+02
3.73E+01	4.28E+01
1.82E+01	2.10E+01
3.88E-25	-3.19E-21
6.67E+01	7.49E+01
4.81E+01	5.46E+01
3.73E+01	4.29E+01
3.73E+01	4.30E+01
1.45E+02	1.56E+02
1.28E-23	1.77E-22
1.45E+02	1.56E+02
9.02E+01	1.00E+02
6.67E+01	7.50E+01
1.31E+02	1.42E+02
2.59E-23	-1.82E-21
1.45E+02	1.56E+02
1.31E+02	1.42E+02
5.74E+01	6.49E+01
3.73E+01	4.29E+01
9.02E+01	1.00E+02
1.17E+02	1.28E+02
2.65E+01	3.09E+01
9.81E+00	1.13E+01
1.45E+02	1.56E+02
2.65E+01	3.05E+01
4.90E+00	5.65E+00
3.73E+01	4.29E+01
7.85E+01	8.75E+01
7.85E+01	8.75E+01
7.85E+01	8.75E+01
7.85E+01	8.75E+01
5.74E+01	6.47E+01
7.85E+01	8.75E+01
7.85E+01	8.75E+01
1.17E+02	1.28E+02
3.73E+01	4.29E+01
1.31E+02	1.42E+02
2.65E+01	3.09E+01
8.48E-24	-4.66E-21
7.85E+01	8.75E+01
7.85E+01	8.76E+01
6.67E+01	7.49E+01
1.31E+02	1.42E+02
1.45E+02	1.56E+02
4.81E+01	5.48E+01
3.73E+01	4.25E+01
1.03E+02	1.13E+02
1.45E+02	1.56E+02
9.81E+00	1.14E+01
1.03E+02	1.13E+02
4.81E+01	5.46E+01
1.82E+01	2.08E+01
4.90E+00	5.67E+00
1.31E+02	1.42E+02
2.65E+01	3.11E+01
1.82E+01	2.09E+01
3.73E+01	4.29E+01
9.02E+01	1.00E+02
7.85E+01	8.76E+01
2.57E-23	-6.27E-21
1.31E+02	1.42E+02
9.81E+00	1.13E+01
1.17E+02	1.28E+02
4.81E+01	5.48E+01
9.02E+01	1.00E+02
1.17E+02	1.28E+02
1.03E+02	1.13E+02
4.90E+00	5.68E+00
2.65E+01	3.10E+01
2.65E+01	3.12E+01
8.51E-24	-2.58E-21
1.45E+02	1.56E+02
-7.46E-24	-3.93E-21
5.74E+01	6.49E+01
1.45E+02	1.56E+02
1.17E+02	1.28E+02
4.90E+00	5.65E+00
5.74E+01	6.49E+01
4.81E+01	5.47E+01
2.65E+01	3.12E+01
1.17E+02	1.28E+02
3.73E+01	4.30E+01
5.74E+01	6.49E+01
6.67E+01	7.50E+01
2.65E+01	3.07E+01
1.31E+02	1.42E+02
9.81E+00	1.13E+01
1.45E+02	1.56E+02
1.31E+02	1.42E+02
3.73E+01	4.25E+01
4.81E+01	5.47E+01
7.85E+01	8.75E+01
2.65E+01	3.02E+01
1.03E+02	1.13E+02
6.67E+01	7.49E+01
1.17E+02	1.28E+02
5.74E+01	6.47E+01
4.81E+01	5.47E+01
4.81E+01	5.44E+01
1.45E+02	1.56E+02
2.65E+01	3.13E+01
9.81E+00	1.13E+01
1.17E+02	1.28E+02
1.82E+01	2.09E+01
1.31E+02	1.42E+02
1.03E+02	1.13E+02
1.82E+01	2.11E+01
2.65E+01	3.02E+01
5.74E+01	6.49E+01
3.73E+01	4.30E+01
7.85E+01	8.74E+01
2.65E+01	3.13E+01
4.81E+01	5.47E+01
4.81E+01	5.44E+01
1.31E+02	1.42E+02
1.82E+01	2.10E+01
4.90E+00	5.66E+00
5.74E+01	6.49E+01
2.65E+01	3.07E+01
3.73E+01	4.26E+01
7.85E+01	8.75E+01
1.63E-23	-6.95E-21
1.82E+01	2.10E+01
1.17E+02	1.28E+02
3.73E+01	4.31E+01
1.45E+02	1.56E+02
9.02E+01	1.00E+02
1.03E+02	1.13E+02
1.17E+02	1.28E+02
9.02E+01	1.00E+02
1.03E+02	1.13E+02
1.82E+01	2.09E+01
3.73E+01	4.31E+01
2.65E+01	3.09E+01
9.81E+00	1.14E+01
1.45E+02	1.56E+02
9.81E+00	1.13E+01
4.90E+00	5.68E+00
9.81E+00	1.13E+01
4.81E+01	5.47E+01
1.31E+02	1.42E+02
1.17E+02	1.28E+02
1.03E+02	1.13E+02
2.65E+01	3.03E+01
5.74E+01	6.47E+01
9.02E+01	1.00E+02
6.67E+01	7.49E+01
6.67E+01	7.49E+01
6.67E+01	7.49E+01
6.67E+01	7.49E+01
6.67E+01	7.49E+01
6.67E+01	7.49E+01
1.31E+02	1.42E+02
4.81E+01	5.44E+01
9.81E+00	1.14E+01
-6.62E-24	-1.78E-21
1.03E+02	1.13E+02
4.90E+00	5.67E+00
1.17E+02	1.28E+02
3.73E+01	4.26E+01
6.67E+01	7.49E+01
6.67E+01	7.50E+01
7.85E+01	8.76E+01
2.65E+01	3.11E+01
7.85E+01	8.75E+01
-2.69E-23	-2.06E-21
2.65E+01	3.15E+01
1.82E+01	2.10E+01
1.03E+02	1.13E+02
2.65E+01	3.09E+01
1.82E+01	2.10E+01
1.03E+02	1.13E+02
2.65E+01	3.12E+01
2.39E-24	-5.20E-21
2.65E+01	3.15E+01
6.67E+01	7.50E+01
9.02E+01	1.00E+02
1.82E+01	2.10E+01
4.90E+00	5.64E+00
1.17E+02	1.28E+02
9.02E+01	1.00E+02
5.74E+01	6.49E+01
2.65E+01	3.10E+01
1.17E+02	1.28E+02
1.45E+02	1.56E+02
4.81E+01	5.49E+01
4.90E+00	5.64E+00
3.73E+01	4.31E+01
4.81E+01	5.49E+01
1.03E+02	1.13E+02
1.82E+01	2.10E+01
2.65E+01	3.13E+01
1.03E+02	1.13E+02
2.65E+01	3.12E+01
5.74E+01	6.48E+01
4.81E+01	5.48E+01
9.81E+00	1.13E+01
3.73E+01	4.28E+01
1.45E+02	1.56E+02
1.31E+02	1.42E+02
9.81E+00	1.14E+01
1.82E+01	2.10E+01
1.82E+01	2.31E+01
6.67E+01	7.50E+01
2.65E+01	3.03E+01
9.02E+01	1.00E+02
1.03E+02	1.13E+02
3.73E+01	4.31E+01
9.02E+01	1.00E+02
2.77E-24	-2.11E-21
4.81E+01	5.44E+01
1.31E+02	1.42E+02
1.82E+01	2.31E+01
1.03E+02	1.13E+02
1.82E+01	2.11E+01
7.85E+01	8.75E+01
2.65E+01	3.13E+01
6.67E+01	7.48E+01
4.81E+01	5.49E+01
9.02E+01	1.00E+02
4.90E+00	5.69E+00
1.45E+02	1.56E+02
3.73E+01	4.28E+01
7.85E+01	8.76E+01
4.90E+00	5.64E+00
4.90E+00	5.68E+00
9.02E+01	1.00E+02
1.82E+01	2.08E+01
-3.02E-23	5.56E-22
4.81E+01	5.49E+01
6.67E+01	7.48E+01
1.82E+01	2.31E+01
1.45E+02	1.56E+02
1.31E+02	1.42E+02
4.90E+00	5.69E+00
3.73E+01	4.29E+01
7.85E+01	8.76E+01
1.82E+01	2.08E+01
1.17E+02	1.28E+02
9.02E+01	1.00E+02
-2.54E-23	-4.08E-21
3.73E+01	4.29E+01
3.73E+01	4.24E+01
1.82E+01	2.31E+01
2.65E+01	3.15E+01
1.03E+02	1.13E+02
9.81E+00	1.13E+01
9.02E+01	1.00E+02
1.31E+02	1.42E+02
9.81E+00	1.14E+01
5.74E+01	6.49E+01
5.74E+01	6.49E+01
5.74E+01	6.48E+01
5.74E+01	6.49E+01
5.74E+01	6.48E+01
5.74E+01	6.49E+01
2.65E+01	3.04E+01
1.45E+02	1.56E+02
1.82E+01	2.10E+01
1.17E+02	1.28E+02
1.03E+02	1.13E+02
5.74E+01	6.48E+01
5.74E+01	6.49E+01
3.73E+01	4.29E+01
3.73E+01	4.24E+01
4.81E+01	5.45E+01
9.81E+00	1.14E+01
1.31E+02	1.42E+02
6.67E+01	7.50E+01
7.85E+01	8.75E+01
1.82E+01	2.11E+01
1.54E-23	-1.90E-23
9.81E+00	1.14E+01
2.65E+01	3.15E+01
6.67E+01	7.48E+01
9.02E+01	1.00E+02
5.74E+01	6.49E+01
9.02E+01	1.00E+02
9.81E+00	1.13E+01
7.85E+01	8.76E+01
1.17E+02	1.28E+02
1.82E+01	2.08E+01
1.45E+02	1.56E+02
3.11E-23	-3.02E-21
2.65E+01	3.04E+01
3.73E+01	4.30E+01
2.65E+01	3.17E+01
9.02E+01	1.00E+02
1.17E+02	1.28E+02
4.90E+00	5.65E+00
1.45E+02	1.56E+02
4.90E+00	5.68E+00
1.82E+01	2.10E+01
1.31E+02	1.42E+02
2.65E+01	3.17E+01
3.73E+01	4.24E+01
1.82E+01	2.31E+01
9.02E+01	1.00E+02
1.82E+01	2.10E+01
4.81E+01	5.49E+01
7.85E+01	8.76E+01
1.82E+01	2.31E+01
7.85E+01	8.76E+01
1.31E+02	1.42E+02
1.82E+01	2.31E+01
1.17E+02	1.28E+02
9.81E+00	1.14E+01
5.74E+01	6.49E+01
1.03E+02	1.13E+02
1.45E+02	1.56E+02
9.81E+00	1.13E+01
4.81E+01	5.45E+01
2.65E+01	3.05E+01
-7.29E-23	8.84E-22
7.85E+01	8.76E+01
9.81E+00	1.14E+01
1.45E+02	1.56E+02
2.96E-23	-8.69E-21
-5.23E-24	-4.45E-22
1.03E+02	1.13E+02
1.31E+02	1.42E+02
7.85E+01	8.76E+01
1.82E+01	2.10E+01
5.74E+01	6.46E+01
9.02E+01	1.00E+02
1.82E+01	2.31E+01
-9.06E-23	-2.17E-21
1.31E+02	1.42E+02
1.82E+01	2.31E+01
6.67E+01	7.48E+01
1.17E+02	1.28E+02
9.02E+01	1.00E+02
3.73E+01	4.33E+01
4.90E+00	5.66E+00
5.74E+01	6.46E+01
7.85E+01	8.76E+01
9.81E+00	1.14E+01
4.90E+00	5.70E+00
6.67E+01	7.50E+01
3.73E+01	4.33E+01
1.82E+01	2.08E+01
7.85E+01	8.75E+01
3.73E+01	4.31E+01
1.03E+02	1.13E+02
1.17E+02	1.28E+02
9.81E+00	1.14E+01
9.81E+00	1.47E+01
4.90E+00	5.70E+00
1.45E+02	1.56E+02
2.65E+01	3.17E+01
6.67E+01	7.50E+01
1.03E+02	1.13E+02
1.82E+01	2.30E+01
3.73E+01	4.24E+01
4.90E+00	5.69E+00
9.81E+00	1.46E+01
2.65E+01	3.07E+01
1.17E+02	1.28E+02
4.81E+01	5.47E+01
4.81E+01	5.47E+01
4.81E+01	5.47E+01
4.81E+01	5.47E+01
1.45E+02	1.56E+02
4.81E+01	5.47E+01
4.81E+01	5.48E+01
9.81E+00	1.14E+01
1.31E+02	1.42E+02
1.45E+02	1.56E+02
4.90E+00	5.66E+00
7.85E+01	8.76E+01
3.73E+01	4.33E+01
5.74E+01	6.49E+01
4.81E+01	5.46E+01
7.85E+01	8.74E+01
4.81E+01	5.48E+01
2.65E+01	3.17E+01
1.17E+02	1.28E+02
9.81E+00	1.13E+01
1.45E+02	1.56E+02
1.03E+02	1.13E+02
5.74E+01	6.46E+01
1.31E+02	1.42E+02
3.73E+01	4.33E+01
1.31E+02	1.42E+02
9.81E+00	1.47E+01
1.82E+01	2.31E+01
6.67E+01	7.48E+01
1.52E-23	-8.81E-21
7.85E+01	8.75E+01
-1.39E-23	8.10E-22
9.81E+00	1.13E+01
2.65E+01	3.09E+01
1.31E+02	1.42E+02
1.82E+01	2.09E+01
9.02E+01	1.00E+02
6.67E+01	7.50E+01
4.81E+01	5.49E+01
9.81E+00	1.46E+01
7.85E+01	8.76E+01
1.45E+02	1.56E+02
4.90E+00	5.70E+00
9.81E+00	1.14E+01
4.90E+00	5.67E+00
2.65E+01	3.10E+01
9.02E+01	1.00E+02
1.03E+02	1.13E+02
1.45E+02	1.56E+02
3.73E+01	4.25E+01
1.17E+02	1.28E+02
2.65E+01	3.11E+01
1.82E+01	2.30E+01
2.65E+01	3.02E+01
4.90E+00	5.70E+00
1.31E+02	1.42E+02
1.03E+02	1.13E+02
9.81E+00	1.14E+01
1.31E+02	1.42E+02
6.67E+01	7.50E+01
1.82E+01	2.09E+01
1.17E+02	1.28E+02
6.67E+01	7.50E+01
2.65E+01	3.13E+01
1.17E+02	1.28E+02
2.65E+01	3.02E+01
7.85E+01	8.75E+01
4.81E+01	5.49E+01
1.82E+01	2.31E+01
9.81E+00	1.13E+01
9.02E+01	1.00E+02
4.90E+00	5.70E+00
1.17E+02	1.28E+02
-3.88E-24	-5.09E-21
7.85E+01	8.75E+01
1.03E+02	1.13E+02
1.82E+01	2.31E+01
6.67E+01	7.50E+01
-8.38E-23	-1.48E-23
9.02E+01	1.00E+02
6.67E+01	7.49E+01
5.74E+01	6.47E+01
1.45E+02	1.56E+02
4.90E+00	5.69E+00
4.81E+01	5.44E+01
9.81E+00	1.14E+01
4.90E+00	9.72E+00
1.03E+02	1.13E+02
5.74E+01	6.49E+01
9.81E+00	1.47E+01
-8.44E-23	-9.38E-22
9.81E+00	1.14E+01
2.65E+01	3.15E+01
3.73E+01	4.33E+01
9.81E+00	1.47E+01
4.90E+00	9.68E+00
1.82E+01	2.10E+01
1.17E+02	1.28E+02
6.67E+01	7.49E+01
9.81E+00	1.46E+01
1.31E+02	1.42E+02
4.81E+01	5.44E+01
-3.37E-23	9.01E-22
9.02E+01	1.00E+02
4.90E+00	5.70E+00
6.67E+01	7.49E+01
1.17E+02	1.28E+02
5.74E+01	6.50E+01
2.65E+01	3.03E+01
-2.80E-23	-3.35E-21
3.73E+01	4.26E+01
4.90E+00	5.64E+00
1.45E+02	1.56E+02
9.81E+00	1.14E+01
4.90E+00	9.72E+00
1.03E+02	1.13E+02
1.45E+02	1.56E+02
9.81E+00	1.47E+01
4.90E+00	5.64E+00
1.31E+02	1.42E+02
9.81E+00	1.46E+01
4.90E+00	9.68E+00
6.67E+01	7.49E+01
9.02E+01	1.00E+02
7.85E+01	8.75E+01
6.67E+01	7.48E+01
5.74E+01	6.47E+01
4.81E+01	5.49E+01
1.03E+02	1.13E+02
1.03E+02	1.13E+02
9.81E+00	1.13E+01
1.31E+02	1.42E+02
1.82E+01	2.31E+01
4.90E+00	5.68E+00
4.81E+01	5.44E+01
1.45E+02	1.56E+02
1.45E+02	1.56E+02
-5.15E-23	9.54E-23
1.17E+02	1.28E+02
9.02E+01	1.00E+02
5.74E+01	6.49E+01
-7.11E-23	-2.56E-21
1.03E+02	1.13E+02
7.85E+01	8.76E+01
6.67E+01	7.48E+01
1.82E+01	2.10E+01
2.65E+01	3.18E+01
2.65E+01	3.18E+01
-5.15E-23	-3.39E-22
9.81E+00	1.46E+01
1.31E+02	1.42E+02
1.31E+02	1.42E+02
4.90E+00	5.71E+00
2.65E+01	3.17E+01
6.67E+01	7.50E+01
1.82E+01	2.31E+01
9.02E+01	1.00E+02
3.73E+01	4.29E+01
3.73E+01	4.29E+01
3.73E+01	4.29E+01
3.73E+01	4.29E+01
3.73E+01	4.28E+01
1.45E+02	1.56E+02
3.73E+01	4.30E+01
4.90E+00	5.64E+00
3.73E+01	4.27E+01
3.73E+01	4.31E+01
1.03E+02	1.13E+02
1.17E+02	1.28E+02
9.02E+01	1.00E+02
5.74E+01	6.49E+01
7.85E+01	8.76E+01
2.65E+01	3.03E+01
-1.75E-23	1.58E-22
5.74E+01	6.50E+01
1.03E+02	1.13E+02
1.82E+01	2.10E+01
1.31E+02	1.42E+02
1.45E+02	1.56E+02
9.81E+00	1.47E+01
1.17E+02	1.28E+02
4.90E+00	5.71E+00
7.85E+01	8.75E+01
2.65E+01	3.18E+01
-1.75E-23	-2.04E-23
4.90E+00	9.71E+00
-1.95E-04	4.80E+00
5.74E+01	6.49E+01
9.81E+00	1.13E+01
6.67E+01	7.48E+01
4.90E+00	5.68E+00
1.82E+01	2.10E+01
3.73E+01	4.32E+01
4.90E+00	9.73E+00
5.74E+01	6.49E+01
1.31E+02	1.42E+02
4.90E+00	9.67E+00
2.65E+01	3.18E+01
1.82E+01	2.30E+01
1.17E+02	1.28E+02
-1.95E-04	4.74E+00
1.82E+01	2.08E+01
1.17E+02	1.28E+02
6.67E+01	7.49E+01
-4.11E-23	2.05E-22
7.85E+01	8.76E+01
9.81E+00	1.46E+01
4.81E+01	5.44E+01
9.02E+01	1.00E+02
5.74E+01	6.49E+01
1.82E+01	2.30E+01
1.82E+01	2.08E+01
4.81E+01	5.48E+01
1.55E-23	-3.63E-23
5.74E+01	6.47E+01
4.90E+00	5.68E+00
1.03E+02	1.13E+02
-1.96E-04	4.79E+00
9.81E+00	1.13E+01
4.90E+00	9.73E+00
9.02E+01	1.00E+02
1.17E+02	1.28E+02
9.02E+01	1.00E+02
2.65E+01	3.03E+01
4.90E+00	9.61E+00
9.81E+00	1.47E+01
3.15E-23	-3.25E-21
3.73E+01	4.33E+01
4.81E+01	5.49E+01
1.45E+02	1.56E+02
-1.97E-04	4.75E+00
9.02E+01	1.00E+02
9.81E+00	1.46E+01
7.85E+01	8.76E+01
4.90E+00	5.65E+00
1.17E+02	1.28E+02
-8.19E-23	-1.63E-21
5.74E+01	6.48E+01
1.82E+01	2.30E+01
1.45E+02	1.56E+02
1.03E+02	1.13E+02
1.45E+02	1.56E+02
3.73E+01	4.24E+01
1.31E+02	1.42E+02
7.85E+01	8.76E+01
5.74E+01	6.46E+01
4.90E+00	9.62E+00
1.82E+01	2.08E+01
1.03E+02	1.13E+02
9.81E+00	1.13E+01
-2.55E-23	1.48E-22
6.67E+01	7.48E+01
9.02E+01	1.00E+02
3.73E+01	4.24E+01
4.81E+01	5.45E+01
1.31E+02	1.42E+02
1.31E+02	1.42E+02
5.74E+01	6.46E+01
1.45E+02	1.56E+02
9.02E+01	1.00E+02
7.85E+01	8.75E+01
4.81E+01	5.48E+01
2.95E-23	-9.24E-21
6.67E+01	7.50E+01
5.74E+01	6.49E+01
1.03E+02	1.13E+02
2.65E+01	3.18E+01
1.03E+02	1.13E+02
7.85E+01	8.76E+01
1.31E+02	1.42E+02
4.90E+00	9.73E+00
2.65E+01	3.04E+01
-8.69E-24	1.11E-22
1.45E+02	1.56E+02
4.90E+00	5.66E+00
-2.05E-04	4.78E+00
1.17E+02	1.28E+02
-4.99E-23	-7.07E-22
3.73E+01	4.32E+01
-1.94E-04	4.81E+00
1.03E+02	1.13E+02
6.67E+01	7.50E+01
-2.06E-04	4.74E+00
9.81E+00	1.47E+01
1.82E+01	2.31E+01
4.81E+01	5.47E+01
4.81E+01	5.49E+01
3.73E+01	4.24E+01
1.31E+02	1.42E+02
1.82E+01	2.31E+01
5.74E+01	6.46E+01
9.02E+01	1.00E+02
1.17E+02	1.28E+02
1.17E+02	1.28E+02
4.90E+00	9.61E+00
1.82E+01	2.30E+01
9.81E+00	1.14E+01
6.67E+01	7.48E+01
5.74E+01	6.48E+01
1.03E+02	1.13E+02
7.85E+01	8.74E+01
4.81E+01	5.47E+01
1.45E+02	1.56E+02
-1.69E-23	-2.21E-22
9.81E+00	1.46E+01
4.90E+00	5.66E+00
4.81E+01	5.47E+01
1.17E+02	1.28E+02
1.82E+01	2.08E+01
-1.96E-04	4.81E+00
4.90E+00	9.70E+00
7.85E+01	8.74E+01
7.85E+01	8.76E+01
-1.99E-04	4.74E+00
6.67E+01	7.50E+01
1.31E+02	1.42E+02
9.02E+01	1.00E+02
4.90E+00	9.66E+00
1.82E+01	2.32E+01
4.81E+01	5.47E+01
9.81E+00	1.14E+01
1.31E-23	-9.23E-21
7.85E+01	8.76E+01
2.65E+01	3.10E+01
2.65E+01	3.11E+01
4.81E+01	5.45E+01
2.65E+01	3.09E+01
2.65E+01	3.13E+01
1.45E+02	1.56E+02
2.65E+01	3.07E+01
2.65E+01	3.14E+01
9.02E+01	1.00E+02
1.17E+02	1.28E+02
1.82E+01	2.31E+01
2.65E+01	3.05E+01
2.65E+01	3.16E+01
9.81E+00	1.14E+01
-1.99E-04	4.70E+00
4.90E+00	5.66E+00
1.45E+02	1.56E+02
1.31E+02	1.42E+02
9.81E+00	1.45E+01
9.81E+00	1.13E+01
9.02E+01	1.00E+02
6.67E+01	7.50E+01
9.02E+01	1.00E+02
7.85E+01	8.75E+01
1.03E+02	1.13E+02
7.85E+01	8.75E+01
4.81E+01	5.47E+01
3.73E+01	4.24E+01
1.31E+02	1.42E+02
2.65E+01	3.18E+01
5.74E+01	6.47E+01
6.67E+01	7.50E+01
9.81E+00	1.45E+01
9.81E+00	1.13E+01
4.81E+01	5.44E+01
1.82E+01	2.09E+01
3.73E+01	4.31E+01
1.17E+02	1.28E+02
1.03E+02	1.13E+02
1.03E+02	1.13E+02
-2.05E-04	4.80E+00
9.02E+01	1.00E+02
5.74E+01	6.49E+01
4.81E+01	5.44E+01
-7.36E-24	-4.69E-21
6.67E+01	7.49E+01
3.73E+01	4.32E+01
1.03E+02	1.13E+02
4.90E+00	9.71E+00
4.81E+01	5.48E+01
9.02E+01	1.00E+02
1.17E+02	1.28E+02
6.67E+01	7.50E+01
9.81E+00	1.45E+01
2.65E+01	3.18E+01
1.45E+02	1.56E+02
4.90E+00	5.67E+00
7.85E+01	8.76E+01
-2.07E-04	4.68E+00
5.74E+01	6.49E+01
9.81E+00	1.13E+01
1.17E+02	1.28E+02
4.90E+00	9.60E+00
1.03E+02	1.13E+02
3.73E+01	4.24E+01
1.31E+02	1.42E+02
-2.53E-23	-2.60E-21
1.82E+01	2.31E+01
5.74E+01	6.47E+01
2.65E+01	3.02E+01
-2.24E-04	4.77E+00
4.81E+01	5.44E+01
3.73E+01	4.30E+01
1.45E+02	1.56E+02
1.82E+01	2.09E+01
-2.23E-04	4.73E+00
4.90E+00	5.68E+00
7.85E+01	8.75E+01
4.81E+01	5.46E+01
2.65E+01	3.02E+01
6.67E+01	7.48E+01
5.74E+01	6.49E+01
1.31E+02	1.42E+02
7.85E+01	8.76E+01
4.90E+00	5.67E+00
1.03E+02	1.13E+02
9.02E+01	1.00E+02
6.67E+01	7.48E+01
6.67E+01	7.50E+01
4.90E+00	9.57E+00
4.90E+00	5.63E+00
-6.47E-23	-2.39E-21
9.81E+00	1.46E+01
3.73E+01	4.29E+01
9.81E+00	1.46E+01
3.73E+01	4.32E+01
6.67E+01	7.49E+01
7.85E+01	8.75E+01
7.85E+01	8.76E+01
9.02E+01	1.00E+02
9.02E+01	1.00E+02
1.17E+02	1.28E+02
9.81E+00	1.45E+01
4.90E+00	9.54E+00
4.90E+00	5.63E+00
5.74E+01	6.49E+01
2.65E+01	3.18E+01
1.03E+02	1.13E+02
3.73E+01	4.29E+01
2.65E+01	3.02E+01
3.73E+01	4.29E+01
9.81E+00	1.13E+01
9.02E+01	1.00E+02
5.74E+01	6.49E+01
6.67E+01	7.49E+01
1.03E+02	1.13E+02
1.45E+02	1.56E+02
7.85E+01	8.75E+01
1.82E+01	2.10E+01
1.17E+02	1.28E+02
1.82E+01	2.29E+01
1.82E+01	2.10E+01
1.82E+01	2.29E+01
1.82E+01	2.10E+01
1.82E+01	2.29E+01
6.67E+01	7.48E+01
9.81E+00	1.46E+01
4.81E+01	5.44E+01
3.73E+01	4.29E+01
1.82E+01	2.09E+01
1.82E+01	2.30E+01
-2.22E-04	4.79E+00
4.90E+00	9.53E+00
1.45E+02	1.56E+02
3.73E+01	4.25E+01
1.31E+02	1.42E+02
5.74E+01	6.47E+01
7.85E+01	8.76E+01
9.81E+00	1.46E+01
9.02E+01	1.00E+02
-7.92E-23	-1.77E-21
4.81E+01	5.48E+01
4.90E+00	5.64E+00
5.74E+01	6.49E+01
1.31E+02	1.42E+02
1.82E+01	2.31E+01
-2.27E-04	4.67E+00
3.73E+01	4.28E+01
6.67E+01	7.50E+01
9.81E+00	1.13E+01
3.73E+01	4.23E+01
4.81E+01	5.48E+01
-4.87E-23	-8.45E-22
9.02E+01	1.00E+02
1.03E+02	1.13E+02
1.17E+02	1.28E+02
2.65E+01	3.03E+01
3.73E+01	4.23E+01
4.81E+01	5.44E+01
5.74E+01	6.46E+01
-1.65E-23	-2.99E-22
2.65E+01	3.16E+01
1.82E+01	2.31E+01
7.85E+01	8.74E+01
4.90E+00	9.65E+00
-1.89E-04	4.41E+00
1.52E-23	2.58E-22
3.73E+01	4.31E+01
1.45E+02	1.56E+02
4.90E+00	9.63E+00
1.17E+02	1.28E+02
6.67E+01	7.48E+01
9.02E+01	1.00E+02
1.03E+02	1.13E+02
5.74E+01	6.46E+01
5.74E+01	6.49E+01
4.90E+00	9.52E+00
4.81E+01	5.47E+01
2.65E+01	3.18E+01
7.85E+01	8.74E+01
7.85E+01	8.75E+01
-1.97E-04	4.55E+00
3.09E-23	-2.61E-21
6.67E+01	7.50E+01
1.82E+01	2.08E+01
1.31E+02	1.42E+02
9.02E+01	1.00E+02
5.74E+01	6.48E+01
1.45E+02	1.56E+02
4.90E+00	5.64E+00
9.81E+00	1.45E+01
1.45E+02	1.56E+02
1.82E+01	2.08E+01
7.85E+01	8.76E+01
6.67E+01	7.49E+01
6.67E+01	7.50E+01
3.73E+01	4.24E+01
4.90E+00	9.66E+00
9.81E+00	1.13E+01
1.45E+02	1.56E+02
1.31E+02	1.42E+02
4.81E+01	5.47E+01
3.73E+01	4.27E+01
1.31E+02	1.42E+02
2.65E+01	3.03E+01
5.74E+01	6.47E+01
-2.09E-04	4.60E+00
4.90E+00	9.59E+00
5.74E+01	6.46E+01
1.31E+02	1.42E+02
2.65E+01	3.14E+01
4.81E+01	5.47E+01
7.85E+01	8.74E+01
6.67E+01	7.48E+01
2.99E-23	-8.49E-21
1.17E+02	1.28E+02
1.03E+02	1.13E+02
1.82E+01	2.30E+01
9.02E+01	1.00E+02
1.82E+01	2.08E+01
4.81E+01	5.45E+01
6.67E+01	7.50E+01
4.90E+00	5.65E+00
1.03E+02	1.13E+02
1.45E+02	1.56E+02
2.65E+01	3.12E+01
1.17E+02	1.28E+02
2.65E+01	3.18E+01
4.81E+01	5.47E+01
7.85E+01	8.75E+01
1.17E+02	1.28E+02
5.74E+01	6.49E+01
1.31E+02	1.42E+02
9.81E+00	1.14E+01
9.81E+00	1.43E+01
9.81E+00	1.13E+01
9.81E+00	1.43E+01
9.02E+01	1.00E+02
9.81E+00	1.13E+01
9.81E+00	1.43E+01
1.17E+02	1.28E+02
2.65E+01	3.11E+01
3.73E+01	4.24E+01
9.81E+00	1.13E+01
9.81E+00	1.44E+01
-3.87E-04	4.74E+00
2.65E+01	3.10E+01
-3.98E-04	4.71E+00
7.85E+01	8.75E+01
-2.25E-04	4.58E+00
3.73E+01	4.30E+01
5.74E+01	6.46E+01
2.65E+01	3.09E+01
4.81E+01	5.43E+01
9.81E+00	1.45E+01
7.85E+01	8.75E+01
4.90E+00	9.54E+00
6.67E+01	7.48E+01
2.65E+01	3.04E+01
1.63E-23	-8.85E-21
5.74E+01	6.49E+01
4.81E+01	5.43E+01
1.45E+02	1.56E+02
4.81E+01	5.48E+01
4.90E+00	5.66E+00
1.03E+02	1.13E+02
1.17E+02	1.28E+02
6.67E+01	7.48E+01
6.67E+01	7.48E+01
-3.96E-04	4.75E+00
1.82E+01	2.08E+01
3.73E+01	4.31E+01
4.81E+01	5.47E+01
5.74E+01	6.48E+01
1.82E+01	2.29E+01
5.74E+01	6.49E+01
1.45E+02	1.56E+02
1.31E+02	1.42E+02
-3.89E-04	4.67E+00
9.02E+01	1.00E+02
2.65E+01	3.07E+01
3.73E+01	4.24E+01
6.67E+01	7.49E+01
1.03E+02	1.13E+02
2.65E+01	3.02E+01
9.81E+00	1.45E+01
1.03E+02	1.13E+02
1.31E+02	1.42E+02
1.82E+01	2.30E+01
9.02E+01	1.00E+02
4.81E+01	5.45E+01
1.03E+02	1.13E+02
2.65E+01	3.02E+01
5.74E+01	6.47E+01
3.73E+01	4.29E+01
7.85E+01	8.75E+01
4.81E+01	5.44E+01
9.81E+00	1.13E+01
-2.63E-24	-5.20E-21
6.67E+01	7.48E+01
2.65E+01	3.16E+01
5.74E+01	6.49E+01
1.45E+02	1.56E+02
9.81E+00	1.13E+01
4.90E+00	5.67E+00
4.90E+00	9.22E+00
4.90E+00	5.67E+00
4.90E+00	9.31E+00
1.82E+01	2.08E+01
1.17E+02	1.28E+02
4.90E+00	5.67E+00
4.90E+00	9.31E+00
1.45E+02	1.56E+02
7.85E+01	8.76E+01
4.90E+00	5.66E+00
4.90E+00	9.37E+00
1.82E+01	2.29E+01
1.31E+02	1.42E+02
3.73E+01	4.29E+01
1.17E+02	1.28E+02
6.67E+01	7.49E+01
1.03E+02	1.13E+02
2.65E+01	3.02E+01
1.31E+02	1.42E+02
4.81E+01	5.47E+01
3.73E+01	4.29E+01
2.65E+01	3.05E+01
4.90E+00	9.50E+00
9.02E+01	1.00E+02
-4.00E-04	4.62E+00
9.81E+00	1.45E+01
1.82E+01	2.29E+01
9.81E+00	1.13E+01
1.82E+01	2.30E+01
3.73E+01	4.25E+01
6.67E+01	7.48E+01
5.74E+01	6.46E+01
-2.64E-23	-3.22E-21
9.02E+01	9.99E+01
4.81E+01	5.44E+01
3.73E+01	4.29E+01
1.82E+01	2.29E+01
1.17E+02	1.28E+02
6.67E+01	7.48E+01
9.02E+01	1.00E+02
5.74E+01	6.46E+01
5.74E+01	6.47E+01
1.82E+01	2.10E+01
4.81E+01	5.47E+01
7.85E+01	8.75E+01
9.02E+01	1.00E+02
4.90E+00	9.57E+00
1.17E+02	1.28E+02
1.03E+02	1.13E+02
5.74E+01	6.49E+01
1.82E+01	2.10E+01
7.85E+01	8.75E+01
4.81E+01	5.46E+01
4.81E+01	5.47E+01
1.82E+01	2.09E+01
4.90E+00	5.63E+00
1.03E+02	1.13E+02
1.45E+02	1.56E+02
2.65E+01	3.02E+01
3.73E+01	4.23E+01
4.90E+00	5.63E+00
5.74E+01	6.46E+01
2.65E+01	3.14E+01
-1.64E-23	-2.53E-22
-2.30E-04	5.20E+00
-4.86E-23	-7.82E-22
1.31E+02	1.42E+02
-2.08E-04	4.68E+00
3.73E+01	4.23E+01
4.81E+01	5.44E+01
-7.96E-23	-1.65E-21
-2.03E-04	4.37E+00
3.73E+01	4.30E+01
9.02E+01	1.00E+02
6.67E+01	7.48E+01
9.81E+00	1.13E+01
1.82E+01	2.10E+01
-6.88E-23	-2.40E-21
-2.24E-04	4.41E+00
9.81E+00	1.43E+01
1.82E+01	2.08E+01
3.73E+01	4.28E+01
4.81E+01	5.47E+01
1.82E+01	2.08E+01
2.65E+01	3.16E+01
1.03E+02	1.13E+02
9.81E+00	1.44E+01
-3.92E-04	4.57E+00
5.74E+01	6.48E+01
6.67E+01	7.49E+01
4.90E+00	9.47E+00
7.85E+01	8.75E+01
4.90E+00	5.63E+00
1.82E+01	2.29E+01
3.73E+01	4.25E+01
1.03E+02	1.13E+02
2.65E+01	3.03E+01
3.73E+01	4.23E+01
1.17E+02	1.28E+02
7.85E+01	8.74E+01
5.74E+01	6.47E+01
2.65E+01	3.12E+01
9.81E+00	1.13E+01
7.85E+01	8.75E+01
9.02E+01	1.00E+02
-6.21E-04	4.64E+00
1.82E+01	2.08E+01
9.81E+00	1.42E+01
5.74E+01	6.46E+01
7.85E+01	8.74E+01
4.81E+01	5.43E+01
9.02E+01	1.00E+02
1.82E+01	2.09E+01
3.73E+01	4.29E+01
1.45E+02	1.56E+02
4.81E+01	5.43E+01
1.45E+02	1.56E+02
4.81E+01	5.44E+01
1.25E-23	6.12E-22
6.67E+01	7.48E+01
2.65E+01	3.11E+01
1.45E+02	1.56E+02
9.81E+00	1.42E+01
1.31E+02	1.42E+02
2.54E-23	-1.32E-21
1.31E+02	1.42E+02
9.81E+00	1.44E+01
2.65E+01	3.10E+01
6.67E+01	7.49E+01
4.81E+01	5.47E+01
4.90E+00	5.64E+00
1.45E+02	1.56E+02
7.85E+01	8.74E+01
1.31E+02	1.42E+02
4.90E+00	9.25E+00
3.73E+01	4.24E+01
9.81E+00	1.41E+01
9.02E+01	1.00E+02
9.81E+00	1.14E+01
1.03E+02	1.13E+02
5.74E+01	6.46E+01
2.65E+01	3.03E+01
3.73E+01	4.29E+01
1.31E+02	1.42E+02
4.81E+01	5.43E+01
9.02E+01	1.00E+02
4.90E+00	9.45E+00
2.65E+01	3.09E+01
-4.03E-04	4.54E+00
9.81E+00	1.13E+01
1.82E+01	2.08E+01
3.73E+01	4.27E+01
2.55E-23	-6.08E-21
3.73E+01	4.29E+01
9.81E+00	1.13E+01
1.17E+02	1.28E+02
1.17E+02	1.28E+02
5.74E+01	6.48E+01
1.82E+01	2.29E+01
1.45E+02	1.56E+02
1.17E+02	1.28E+02
4.81E+01	5.45E+01
4.90E+00	5.64E+00
6.67E+01	7.49E+01
3.73E+01	4.24E+01
1.31E+02	1.42E+02
7.85E+01	8.75E+01
4.90E+00	8.80E+00
2.65E+01	3.02E+01
9.81E+00	1.13E+01
1.17E+02	1.28E+02
9.81E+00	1.12E+01
1.82E+01	2.29E+01
7.85E+01	8.74E+01
6.67E+01	7.47E+01
3.73E+01	4.29E+01
4.81E+01	5.44E+01
2.65E+01	3.02E+01
2.65E+01	3.14E+01
6.67E+01	7.48E+01
9.81E+00	1.12E+01
1.82E+01	2.08E+01
2.65E+01	3.07E+01
6.67E+01	7.47E+01
4.81E+01	5.44E+01
4.90E+00	8.63E+00
9.81E+00	1.43E+01
4.90E+00	9.45E+00
5.74E+01	6.47E+01
9.02E+01	1.00E+02
1.73E-23	-6.76E-21
1.82E+01	2.29E+01
1.17E+02	1.28E+02
4.90E+00	8.96E+00
-2.20E-04	4.30E+00
5.74E+01	6.47E+01
1.03E+02	1.13E+02
2.65E+01	3.04E+01
1.03E+02	1.13E+02
4.90E+00	5.66E+00
1.45E+02	1.56E+02
7.85E+01	8.75E+01
2.65E+01	3.02E+01
9.81E+00	1.12E+01
1.03E+02	1.13E+02
-3.95E-04	4.53E+00
7.85E+01	8.75E+01
3.73E+01	4.23E+01
4.90E+00	5.67E+00
1.31E+02	1.42E+02
6.67E+01	7.48E+01
9.81E+00	1.13E+01
1.82E+01	2.29E+01
4.90E+00	5.65E+00
1.03E+02	1.13E+02
1.45E+02	1.56E+02
3.73E+01	4.23E+01
3.73E+01	4.24E+01
4.81E+01	5.44E+01
1.82E+01	2.10E+01
1.31E+02	1.42E+02
4.20E-24	-5.18E-21
2.65E+01	3.12E+01
3.73E+01	4.28E+01
4.90E+00	5.67E+00
-1.68E-04	3.51E+00
1.82E+01	2.08E+01
4.81E+01	5.46E+01
4.90E+00	5.62E+00
1.45E+02	1.56E+02
5.74E+01	6.48E+01
1.17E+02	1.28E+02
1.82E+01	2.10E+01
1.03E+02	1.13E+02
4.90E+00	5.63E+00
1.31E+02	1.42E+02
3.73E+01	4.23E+01
6.67E+01	7.49E+01
2.65E+01	3.02E+01
5.74E+01	6.46E+01
4.90E+00	9.31E+00
9.81E+00	1.13E+01
5.74E+01	6.47E+01
-8.77E-05	1.92E+00
-4.04E-04	4.51E+00
2.65E+01	3.11E+01
1.17E+02	1.28E+02
6.67E+01	7.48E+01
9.02E+01	1.00E+02
9.02E+01	1.00E+02
5.74E+01	6.46E+01
9.81E+00	1.43E+01
7.85E+01	8.75E+01
2.36E-22	-4.48E-21
9.02E+01	9.99E+01
1.82E+01	2.07E+01
2.65E+01	3.05E+01
3.73E+01	4.26E+01
2.65E+01	3.10E+01
-1.60E-23	-1.53E-22
4.90E+00	5.63E+00
4.81E+01	5.44E+01
9.02E+01	9.99E+01
1.17E+02	1.28E+02
1.82E+01	2.07E+01
1.82E+01	2.29E+01
4.90E+00	5.66E+00
9.81E+00	1.44E+01
-4.80E-23	-5.81E-22
4.81E+01	5.45E+01
-2.25E-23	-4.16E-21
1.82E+01	2.10E+01
3.73E+01	4.24E+01
2.65E+01	3.02E+01
6.67E+01	7.48E+01
5.74E+01	6.46E+01
9.81E+00	1.13E+01
1.03E+02	1.13E+02
1.45E+02	1.56E+02
6.67E+01	7.48E+01
3.73E+01	4.23E+01
2.65E+01	3.09E+01
1.82E+01	2.09E+01
1.31E+02	1.42E+02
9.81E+00	1.43E+01
-7.97E-23	-1.31E-21
9.02E+01	9.99E+01
1.82E+01	2.08E+01
9.80E-24	8.93E-22
1.03E+02	1.13E+02
1.99E-23	-1.52E-22
4.90E+00	5.63E+00
9.81E+00	1.43E+01
-2.27E-04	4.36E+00
4.81E+01	5.46E+01
5.74E+01	6.47E+01
1.03E+02	1.13E+02
3.73E+01	4.24E+01
7.85E+01	8.75E+01
7.85E+01	8.75E+01
4.90E+00	9.25E+00
2.65E+01	3.02E+01
9.81E+00	1.13E+01
1.82E+01	2.29E+01
1.17E+02	1.28E+02
5.74E+01	6.46E+01
4.81E+01	5.43E+01
7.85E+01	8.74E+01
4.81E+01	5.44E+01
2.65E+01	3.02E+01
2.65E+01	3.03E+01
2.04E-23	-3.86E-21
9.81E+00	1.13E+01
3.73E+01	4.27E+01
4.81E+01	5.43E+01
1.45E+02	1.56E+02
7.85E+01	8.74E+01
4.90E+00	9.38E+00
6.67E+01	7.48E+01
-8.46E-23	-3.14E-21
9.02E+01	1.00E+02
9.81E+00	1.13E+01
1.82E+01	2.08E+01
2.65E+01	3.07E+01
4.90E+00	5.63E+00
1.31E+02	1.42E+02
1.45E+02	1.56E+02
1.82E+01	2.29E+01
5.74E+01	6.47E+01
9.02E+01	1.00E+02
1.31E+02	1.42E+02
2.65E+01	3.02E+01
4.90E+00	9.25E+00
1.82E+01	2.09E+01
1.82E+01	2.10E+01
5.74E+01	6.46E+01
4.81E+01	5.43E+01
7.85E+01	8.74E+01
9.81E+00	1.12E+01
1.45E+02	1.56E+02
1.03E+02	1.13E+02
3.73E+01	4.24E+01
9.81E+00	1.12E+01
9.02E+01	1.00E+02
9.81E+00	1.44E+01
1.17E+02	1.28E+02
1.45E+02	1.56E+02
1.82E+01	2.08E+01
1.31E+02	1.42E+02
2.65E+01	3.04E+01
4.90E+00	9.15E+00
1.53E-23	-4.78E-21
9.81E+00	1.13E+01
3.73E+01	4.25E+01
1.31E+02	1.42E+02
1.17E+02	1.28E+02
1.82E+01	2.10E+01
4.90E+00	5.66E+00
-2.05E-04	4.31E+00
2.65E+01	3.03E+01
9.81E+00	1.13E+01
4.90E+00	5.64E+00
4.81E+01	5.45E+01
9.81E+00	1.12E+01
1.45E+02	1.56E+02
6.67E+01	7.48E+01
6.67E+01	7.48E+01
2.65E+01	3.02E+01
-2.29E-04	4.45E+00
1.17E+02	1.28E+02
4.90E+00	5.66E+00
4.81E+01	5.43E+01
7.85E+01	8.74E+01
6.67E+01	7.47E+01
1.31E+02	1.42E+02
8.08E-24	-4.31E-21
5.74E+01	6.46E+01
1.17E+02	1.28E+02
6.67E+01	7.47E+01
1.82E+01	2.07E+01
3.73E+01	4.26E+01
1.03E+02	1.13E+02
7.85E+01	8.75E+01
-2.11E-04	4.63E+00
9.81E+00	1.44E+01
9.02E+01	1.00E+02
1.82E+01	2.07E+01
1.82E+01	2.08E+01
4.90E+00	5.62E+00
3.73E+01	4.23E+01
1.03E+02	1.13E+02
4.81E+01	5.44E+01
3.73E+01	4.24E+01
2.65E+01	3.02E+01
4.90E+00	5.62E+00
4.90E+00	9.40E+00
1.82E+01	2.10E+01
1.17E+02	1.28E+02
3.73E+01	4.23E+01
4.81E+01	5.43E+01
7.85E+01	8.74E+01
-2.34E-04	5.18E+00
4.90E+00	5.66E+00
6.67E+01	7.47E+01
9.81E+00	1.12E+01
1.45E+02	1.56E+02
1.45E+02	1.56E+02
2.65E+01	3.05E+01
1.03E+02	1.13E+02
-1.56E-23	-8.23E-23
9.81E+00	1.44E+01
1.82E+01	2.07E+01
1.31E+02	1.42E+02
1.31E+02	1.42E+02
4.90E+00	5.64E+00
1.03E+02	1.13E+02
9.81E+00	1.13E+01
9.81E+00	1.13E+01
-4.55E-24	-4.11E-21
4.90E+00	5.62E+00
3.73E+01	4.23E+01
-4.67E-23	-3.78E-22
1.82E+01	2.09E+01
5.74E+01	6.46E+01
5.74E+01	6.47E+01
9.81E+00	1.12E+01
9.02E+01	1.00E+02
1.45E+02	1.56E+02
5.74E+01	6.46E+01
1.17E+02	1.28E+02
1.03E+02	1.13E+02
2.65E+01	3.02E+01
1.17E+02	1.28E+02
9.81E+00	1.13E+01
1.31E+02	1.42E+02
6.67E+01	7.47E+01
9.02E+01	1.00E+02
4.90E+00	9.41E+00
1.82E+01	2.08E+01
5.74E+01	6.46E+01
4.81E+01	5.44E+01
7.85E+01	8.74E+01
8.11E-24	1.05E-21
2.65E+01	3.03E+01
1.82E+01	2.07E+01
3.73E+01	4.25E+01
1.64E-23	5.92E-22
-2.13E-04	4.47E+00
6.67E+01	7.48E+01
9.02E+01	9.99E+01
4.90E+00	5.62E+00
-7.74E-23	-8.61E-22
3.73E+01	4.23E+01
4.90E+00	9.46E+00
9.02E+01	9.99E+01
1.17E+02	1.28E+02
5.74E+01	6.46E+01
9.81E+00	1.12E+01
6.67E+01	7.48E+01
4.90E+00	5.65E+00
4.90E+00	5.66E+00
-2.21E-23	-3.02E-21
1.69E-23	-2.43E-21
9.81E+00	1.12E+01
9.81E+00	1.13E+01
1.03E+02	1.13E+02
1.45E+02	1.56E+02
1.82E+01	2.08E+01
2.65E+01	3.04E+01
1.03E+02	1.13E+02
3.73E+01	4.24E+01
1.31E+02	1.42E+02
9.81E+00	1.13E+01
4.90E+00	5.62E+00
9.02E+01	9.99E+01
3.73E+01	4.23E+01
7.85E+01	8.75E+01
2.65E+01	3.02E+01
1.82E+01	2.09E+01
2.65E+01	3.02E+01
4.90E+00	5.66E+00
4.81E+01	5.44E+01
-1.98E-04	4.35E+00
2.65E+01	3.02E+01
4.81E+01	5.44E+01
7.85E+01	8.74E+01
9.81E+00	1.12E+01
5.74E+01	6.46E+01
4.81E+01	5.43E+01
1.03E+02	1.13E+02
1.17E+02	1.28E+02
4.81E+01	5.43E+01
1.45E+02	1.56E+02
1.33E-23	-3.47E-21
6.67E+01	7.48E+01
7.85E+01	8.74E+01
5.74E+01	6.46E+01
9.81E+00	1.13E+01
-1.84E-04	4.07E+00
1.31E+02	1.42E+02
2.65E+01	3.02E+01
1.82E+01	2.08E+01
7.85E+01	8.74E+01
4.90E+00	5.62E+00
9.02E+01	9.99E+01
-6.68E-23	-1.51E-21
-7.78E-24	-3.63E-23
9.02E+01	1.00E+02
1.82E+01	2.08E+01
9.81E+00	1.13E+01
1.45E+02	1.56E+02
4.90E+00	5.62E+00
4.90E+00	5.63E+00
5.74E+01	6.46E+01
3.73E+01	4.23E+01
4.81E+01	5.43E+01
9.81E+00	1.12E+01
1.31E+02	1.42E+02
4.90E+00	5.66E+00
9.91E-24	-3.39E-21
1.17E+02	1.28E+02
7.85E+01	8.74E+01
1.03E+02	1.13E+02
-2.30E-23	-1.54E-22
2.65E+01	3.03E+01
4.90E+00	5.62E+00
9.02E+01	9.99E+01
1.45E+02	1.56E+02
6.67E+01	7.48E+01
2.65E+01	3.02E+01
1.82E+01	2.09E+01
1.17E+02	1.28E+02
1.45E+02	1.56E+02
1.31E+02	1.42E+02
9.81E+00	1.12E+01
6.67E+01	7.48E+01
4.90E+00	5.64E+00
1.31E+02	1.42E+02
4.81E+01	5.43E+01
1.82E+01	2.07E+01
1.82E+01	2.08E+01
5.74E+01	6.46E+01
9.81E+00	1.13E+01
7.76E-24	1.23E-21
1.82E+01	2.07E+01
2.65E+01	3.03E+01
7.85E+01	8.74E+01
6.67E+01	7.47E+01
4.90E+00	5.63E+00
1.03E+02	1.13E+02
4.81E+01	5.44E+01
1.45E+02	1.56E+02
7.85E+01	8.75E+01
3.73E+01	4.24E+01
1.57E-23	1.19E-21
3.73E+01	4.24E+01
2.65E+01	3.02E+01
7.94E-24	-3.49E-21
1.17E+02	1.28E+02
6.67E+01	7.47E+01
4.90E+00	5.62E+00
3.73E+01	4.23E+01
1.31E+02	1.42E+02
1.17E+02	1.28E+02
-3.74E-23	-3.36E-22
9.02E+01	9.99E+01
3.73E+01	4.23E+01
4.81E+01	5.43E+01
1.82E+01	2.07E+01
1.03E+02	1.13E+02
1.62E-23	-1.47E-21
9.81E+00	1.12E+01
7.85E+01	8.74E+01
6.67E+01	7.47E+01
9.81E+00	1.13E+01
1.45E+02	1.56E+02
1.17E+02	1.28E+02
4.90E+00	5.62E+00
5.74E+01	6.46E+01
3.73E+01	4.23E+01
1.45E+02	1.56E+02
1.31E+02	1.42E+02
-2.51E-23	-1.66E-21
1.03E+02	1.13E+02
5.74E+01	6.46E+01
2.65E+01	3.02E+01
1.31E+02	1.42E+02
4.90E+00	5.65E+00
9.02E+01	1.00E+02
1.82E+01	2.08E+01
1.03E+02	1.13E+02
4.26E-24	-2.81E-21
1.82E+01	2.07E+01
5.74E+01	6.46E+01
4.81E+01	5.43E+01
1.31E-23	-2.67E-21
9.81E+00	1.13E+01
1.17E+02	1.28E+02
6.67E+01	7.47E+01
9.02E+01	1.00E+02
1.45E+02	1.56E+02
5.74E+01	6.46E+01
6.67E+01	7.48E+01
7.85E+01	8.74E+01
1.17E+02	1.28E+02
1.03E+02	1.13E+02
9.81E+00	1.12E+01
1.31E+02	1.42E+02
3.73E+01	4.23E+01
1.82E+01	2.08E+01
9.81E+00	1.12E+01
4.90E+00	5.62E+00
9.81E+00	1.12E+01
1.82E+01	2.07E+01
4.90E+00	5.63E+00
3.73E+01	4.24E+01
5.74E+01	6.46E+01
1.11E-23	-2.89E-21
9.02E+01	9.99E+01
6.67E+01	7.47E+01
9.02E+01	9.99E+01
2.65E+01	3.02E+01
1.17E+02	1.28E+02
2.65E+01	3.03E+01
-3.04E-23	-6.03E-22
4.81E+01	5.44E+01
3.73E+01	4.23E+01
7.85E+01	8.75E+01
9.81E+00	1.12E+01
2.65E+01	3.02E+01
1.03E+02	1.13E+02
1.03E+02	1.13E+02
1.45E+02	1.56E+02
4.81E+01	5.43E+01
2.65E+01	3.02E+01
4.90E+00	5.64E+00
1.31E+02	1.42E+02
9.02E+01	9.99E+01
7.85E+01	8.74E+01
5.74E+01	6.46E+01
1.82E+01	2.07E+01
4.81E+01	5.43E+01
4.90E+00	5.62E+00
5.74E+01	6.46E+01
4.90E+00	5.62E+00
1.25E-23	-3.20E-21
9.81E+00	1.13E+01
2.65E+01	3.02E+01
4.81E+01	5.43E+01
4.90E+00	5.62E+00
1.45E+02	1.56E+02
6.67E+01	7.47E+01
1.03E+02	1.13E+02
-1.86E-24	-1.63E-21
9.81E+00	1.12E+01
1.17E+02	1.28E+02
1.31E+02	1.42E+02
7.85E+01	8.74E+01
3.73E+01	4.23E+01
9.02E+01	1.00E+02
7.85E+01	8.74E+01
5.74E+01	6.46E+01
4.81E+01	5.43E+01
4.90E+00	5.62E+00
9.02E+01	9.99E+01
1.45E+02	1.56E+02
9.81E+00	1.13E+01
1.17E+02	1.28E+02
9.81E+00	1.12E+01
1.31E+02	1.42E+02
6.67E+01	7.48E+01
2.65E+01	3.02E+01
-1.15E-23	-5.64E-22
7.85E+01	8.74E+01
1.82E+01	2.07E+01
1.82E+01	2.08E+01
1.03E+02	1.13E+02
8.30E-24	1.47E-21
2.65E+01	3.02E+01
9.02E+01	9.99E+01
1.82E+01	2.07E+01
1.38E-23	-3.00E-21
4.90E+00	5.64E+00
6.67E+01	7.47E+01
1.68E-23	1.82E-21
3.73E+01	4.24E+01
1.82E+01	2.07E+01
1.17E+02	1.28E+02
4.81E+01	5.43E+01
4.90E+00	5.62E+00
4.81E+01	5.43E+01
5.74E+01	6.46E+01
3.73E+01	4.23E+01
2.65E+01	3.02E+01
1.03E+02	1.13E+02
7.85E+01	8.74E+01
1.73E-23	-5.76E-22
9.81E+00	1.12E+01
7.85E+01	8.74E+01
6.67E+01	7.47E+01
3.73E+01	4.23E+01
1.82E+01	2.07E+01
4.90E+00	5.63E+00
6.67E+01	7.47E+01
3.73E+01	4.23E+01
4.81E+01	5.43E+01
4.90E+00	5.62E+00
9.02E+01	9.99E+01
5.74E+01	6.46E+01
1.03E+02	1.13E+02
7.85E+01	8.74E+01
-2.90E-24	-5.07E-22
2.65E+01	3.02E+01
6.67E+01	7.47E+01
3.73E+01	4.23E+01
1.45E+02	1.56E+02
1.41E-23	-1.98E-21
5.74E+01	6.46E+01
1.82E+01	2.07E+01
9.02E+01	1.00E+02
1.31E+02	1.42E+02
1.82E+01	2.07E+01
9.81E+00	1.12E+01
9.81E+00	1.13E+01
4.81E+01	5.43E+01
4.90E+00	5.62E+00
9.81E+00	1.12E+01
1.27E-23	-2.44E-21
5.74E+01	6.46E+01
6.67E+01	7.47E+01
1.24E-23	-2.57E-21
9.81E+00	1.12E+01
1.82E+01	2.07E+01
1.45E+02	1.56E+02
1.17E+02	1.28E+02
6.67E+01	7.47E+01
9.02E+01	9.99E+01
3.73E+01	4.23E+01
5.74E+01	6.46E+01
3.73E+01	4.23E+01
7.85E+01	8.74E+01
2.65E+01	3.02E+01
1.45E+02	1.56E+02
1.31E+02	1.42E+02
2.65E+01	3.02E+01
1.31E+02	1.42E+02
4.81E+01	5.43E+01
9.81E+00	1.12E+01
5.74E+01	6.46E+01
6.67E+01	7.47E+01
3.73E+01	4.23E+01
1.45E+02	1.56E+02
7.85E+01	8.74E+01
2.65E+01	3.02E+01
1.17E+02	1.28E+02
1.31E+02	1.42E+02
4.81E+01	5.43E+01
4.90E+00	5.62E+00
2.65E+01	3.02E+01
4.90E+00	5.63E+00
1.17E+02	1.28E+02
1.03E+02	1.13E+02
1.45E-23	-3.23E-21
1.82E+01	2.07E+01
4.90E+00	5.62E+00
4.90E+00	5.62E+00
5.74E+01	6.46E+01
7.85E+01	8.74E+01
9.81E+00	1.12E+01
2.65E+01	3.02E+01
1.17E+02	1.28E+02
5.74E+01	6.46E+01
4.81E+01	5.43E+01
1.45E+02	1.56E+02
4.81E+01	5.43E+01
1.45E+02	1.56E+02
9.81E+00	1.12E+01
1.03E+02	1.13E+02
6.67E+01	7.47E+01
3.73E+01	4.23E+01
4.90E+00	5.62E+00
1.31E+02	1.42E+02
1.31E+02	1.42E+02
1.03E+02	1.13E+02
9.81E+00	1.12E+01
1.82E+01	2.08E+01
9.02E+01	9.99E+01
5.74E+01	6.46E+01
4.81E+01	5.43E+01
1.77E-23	-3.67E-21
5.05E-24	-9.95E-22
1.45E+02	1.56E+02
1.82E+01	2.07E+01
6.67E+01	7.47E+01
2.65E+01	3.02E+01
1.17E+02	1.28E+02
7.59E-24	1.39E-21
2.65E+01	3.02E+01
1.03E+02	1.13E+02
1.17E+02	1.28E+02
1.31E+02	1.42E+02
3.73E+01	4.23E+01
1.53E-23	1.97E-21
4.90E+00	5.61E+00
1.82E+01	2.07E+01
1.82E+01	2.07E+01
9.02E+01	9.99E+01
4.81E+01	5.43E+01
4.90E+00	5.62E+00
6.67E+01	7.47E+01
3.73E+01	4.23E+01
2.65E+01	3.02E+01
9.02E+01	9.99E+01
1.17E+02	1.28E+02
1.58E-23	2.59E-22
4.81E+01	5.43E+01
9.81E+00	1.12E+01
5.74E+01	6.46E+01
1.03E+02	1.13E+02
1.45E+02	1.56E+02
4.90E+00	5.61E+00
1.82E+01	2.07E+01
1.03E+02	1.13E+02
7.85E+01	8.74E+01
1.31E+02	1.42E+02
9.02E+01	9.99E+01
3.73E+01	4.23E+01
3.73E+01	4.23E+01
4.81E+01	5.43E+01
5.74E+01	6.46E+01
1.29E-23	-9.90E-22
1.03E+02	1.13E+02
2.65E+01	3.02E+01
1.17E+02	1.28E+02
9.81E+00	1.12E+01
7.85E+01	8.74E+01
1.82E+01	2.07E+01
2.02E-23	-3.78E-21
3.73E+01	4.23E+01
1.82E+01	2.07E+01
9.81E+00	1.12E+01
7.85E+01	8.74E+01
4.90E+00	5.61E+00
5.74E+01	6.46E+01
9.02E+01	9.99E+01
9.02E+01	9.99E+01
1.45E+02	1.56E+02
1.13E-23	-1.74E-21
9.81E+00	1.12E+01
1.31E+02	1.42E+02
4.81E+01	5.43E+01
2.65E+01	3.02E+01
9.81E+00	1.12E+01
7.85E+01	8.74E+01
1.82E+01	2.07E+01
1.03E+02	1.13E+02
6.67E+01	7.47E+01
3.73E+01	4.23E+01
9.02E+01	9.99E+01
3.73E+01	4.23E+01
2.65E+01	3.02E+01
1.17E+02	1.28E+02
4.81E+01	5.43E+01
4.90E+00	5.62E+00
9.81E+00	1.12E+01
4.90E+00	5.61E+00
1.33E-23	-2.63E-21
7.85E+01	8.74E+01
6.67E+01	7.47E+01
3.73E+01	4.23E+01
7.85E+01	8.74E+01
2.65E+01	3.02E+01
1.82E+01	2.07E+01
6.67E+01	7.47E+01
4.90E+00	5.62E+00
4.81E+01	5.43E+01
2.65E+01	3.02E+01
9.02E+01	9.99E+01
4.90E+00	5.62E+00
1.03E+02	1.13E+02
9.81E+00	1.12E+01
9.81E+00	1.12E+01
7.85E+01	8.74E+01
5.74E+01	6.46E+01
6.67E+01	7.47E+01
2.65E+01	3.02E+01
1.45E+02	1.56E+02
4.90E+00	5.61E+00
9.88E-24	-1.77E-21
1.82E+01	2.07E+01
1.31E+02	1.42E+02
3.73E+01	4.23E+01
1.65E-23	-3.73E-21
9.81E+00	1.12E+01
1.82E+01	2.07E+01
5.74E+01	6.45E+01
6.95E-24	1.18E-21
2.65E+01	3.02E+01
1.17E+02	1.28E+02
6.67E+01	7.47E+01
9.02E+01	9.99E+01
5.74E+01	6.45E+01
6.67E+01	7.47E+01
2.65E+01	3.02E+01
3.73E+01	4.23E+01
1.40E-23	1.77E-21
7.85E+01	8.74E+01
4.90E+00	5.61E+00
4.90E+00	5.61E+00
1.45E+02	1.56E+02
1.82E+01	2.07E+01
1.45E+02	1.56E+02
5.74E+01	6.45E+01
1.31E+02	1.42E+02
1.82E+01	2.07E+01
1.44E-23	5.82E-22
9.81E+00	1.12E+01
6.67E+01	7.47E+01
4.81E+01	5.43E+01
3.73E+01	4.23E+01
2.65E+01	3.02E+01
1.31E+02	1.42E+02
4.90E+00	5.61E+00
1.03E+02	1.13E+02
1.45E+02	1.56E+02
1.82E+01	2.07E+01
1.17E+02	1.28E+02
1.31E+02	1.42E+02
1.17E+02	1.28E+02
7.85E+01	8.74E+01
9.81E+00	1.12E+01
5.74E+01	6.45E+01
4.81E+01	5.43E+01
1.17E-23	-3.95E-22
5.74E+01	6.46E+01
1.97E-23	-4.65E-21
4.81E+01	5.43E+01
1.45E+02	1.56E+02
6.67E+01	7.47E+01
2.65E+01	3.02E+01
1.31E+02	1.42E+02
1.17E+02	1.28E+02
1.82E+01	2.07E+01
9.81E+00	1.12E+01
4.90E+00	5.61E+00
1.45E+02	1.56E+02
1.82E+01	2.07E+01
9.02E+01	9.99E+01
1.03E+02	1.13E+02
5.74E+01	6.45E+01
1.31E+02	1.42E+02
1.01E-23	-1.07E-21
4.81E+01	5.43E+01
1.03E+02	1.13E+02
2.65E+01	3.02E+01
1.17E+02	1.28E+02
9.81E+00	1.12E+01
1.45E+02	1.56E+02
9.81E+00	1.12E+01
1.82E+01	2.07E+01
4.90E+00	5.61E+00
1.17E+02	1.28E+02
3.73E+01	4.23E+01
1.03E+02	1.13E+02
1.31E+02	1.42E+02
6.67E+01	7.47E+01
2.65E+01	3.02E+01
4.81E+01	5.43E+01
4.90E+00	5.61E+00
4.81E+01	5.43E+01
5.74E+01	6.45E+01
9.81E+00	1.12E+01
1.19E-23	-1.89E-21
9.02E+01	9.99E+01
1.03E+02	1.13E+02
9.02E+01	9.99E+01
7.85E+01	8.74E+01
1.17E+02	1.28E+02
3.73E+01	4.23E+01
1.03E+02	1.13E+02
1.45E+02	1.56E+02
1.82E+01	2.07E+01
3.73E+01	4.23E+01
4.81E+01	5.43E+01
4.90E+00	5.62E+00
1.31E+02	1.42E+02
4.90E+00	5.61E+00
9.02E+01	9.99E+01
9.81E+00	1.12E+01
9.91E-24	-2.38E-21
9.81E+00	1.12E+01
3.73E+01	4.23E+01
1.82E+01	2.07E+01
1.03E+02	1.13E+02
5.74E+01	6.45E+01
4.90E+00	5.61E+00
1.17E+02	1.28E+02
1.47E-23	-3.06E-21
9.02E+01	9.99E+01
7.85E+01	8.74E+01
9.81E+00	1.12E+01
7.85E+01	8.74E+01
4.81E+01	5.43E+01
9.02E+01	9.99E+01
1.45E+02	1.56E+02
1.82E+01	2.07E+01
6.67E+01	7.47E+01
7.48E-24	9.88E-22
2.65E+01	3.02E+01
1.31E+02	1.42E+02
3.73E+01	4.23E+01
4.90E+00	5.61E+00
3.73E+01	4.23E+01
1.51E-23	1.53E-21
7.85E+01	8.74E+01
4.90E+00	5.61E+00
1.03E+02	1.13E+02
9.02E+01	9.99E+01
1.17E+02	1.28E+02
1.54E-23	6.29E-22
9.81E+00	1.12E+01
3.73E+01	4.23E+01
7.85E+01	8.74E+01
2.65E+01	3.02E+01
4.90E+00	5.61E+00
4.81E+01	5.43E+01
2.65E+01	3.02E+01
7.85E+01	8.74E+01
6.67E+01	7.47E+01
6.67E+01	7.47E+01
9.81E+00	1.12E+01
5.74E+01	6.45E+01
1.75E-23	-4.09E-21
9.02E+01	9.99E+01
2.65E+01	3.02E+01
1.03E+02	1.13E+02
1.24E-23	-1.70E-22
7.85E+01	8.74E+01
3.73E+01	4.23E+01
6.67E+01	7.47E+01
1.45E+02	1.56E+02
1.82E+01	2.07E+01
9.81E+00	1.12E+01
4.90E+00	5.61E+00
1.31E+02	1.42E+02
1.07E-23	-7.07E-22
6.67E+01	7.47E+01
2.65E+01	3.02E+01
2.65E+01	3.02E+01
5.74E+01	6.45E+01
4.90E+00	5.61E+00
1.17E+02	1.28E+02
6.67E+01	7.47E+01
9.02E+01	9.99E+01
1.82E+01	2.07E+01
5.74E+01	6.45E+01
7.85E+01	8.74E+01
1.82E+01	2.07E+01
4.81E+01	5.43E+01
3.73E+01	4.23E+01
2.65E+01	3.02E+01
4.90E+00	5.61E+00
5.74E+01	6.45E+01
1.24E-23	-1.30E-21
6.67E+01	7.47E+01
1.82E+01	2.07E+01
1.45E+02	1.56E+02
1.03E+02	1.13E+02
1.45E+02	1.56E+02
1.31E+02	1.42E+02
5.74E+01	6.45E+01
1.31E+02	1.42E+02
8.83E-24	-2.14E-21
9.81E+00	1.12E+01
7.85E+01	8.74E+01
2.65E+01	3.02E+01
5.74E+01	6.45E+01
4.81E+01	5.43E+01
1.45E+02	1.56E+02
1.17E+02	1.28E+02
1.82E+01	2.07E+01
4.81E+01	5.43E+01
1.45E+02	1.56E+02
1.82E+01	2.07E+01
1.31E+02	1.42E+02
6.67E+01	7.47E+01
1.17E+02	1.28E+02
1.52E-23	-2.09E-21
1.31E+02	1.42E+02
9.02E+01	9.99E+01
9.81E+00	1.12E+01
5.74E+01	6.45E+01
4.81E+01	5.43E+01
9.81E+00	1.12E+01
1.17E+02	1.28E+02
1.82E+01	2.07E+01
1.45E+02	1.56E+02
3.73E+01	4.23E+01
1.17E+02	1.28E+02
1.03E+02	1.13E+02
4.90E+00	5.61E+00
1.31E+02	1.42E+02
2.65E+01	3.02E+01
1.03E+02	1.13E+02
4.81E+01	5.43E+01
9.81E+00	1.12E+01
6.67E+01	7.47E+01
1.45E+02	1.56E+02
4.81E+01	5.43E+01
1.17E+02	1.28E+02
5.74E+01	6.45E+01
1.03E+02	1.13E+02
1.31E+02	1.42E+02
1.82E+01	2.07E+01
4.90E+00	5.61E+00
1.03E+02	1.13E+02
7.85E+01	8.74E+01
4.90E+00	5.61E+00
3.73E+01	4.23E+01
9.02E+01	9.99E+01
9.81E+00	1.12E+01
3.73E+01	4.23E+01
4.81E+01	5.43E+01
9.81E+00	1.12E+01
9.02E+01	9.99E+01
1.17E+02	1.28E+02
1.80E-23	-2.68E-21
4.90E+00	5.61E+00
1.03E+02	1.13E+02
1.45E+02	1.56E+02
3.73E+01	4.23E+01
1.31E+02	1.42E+02
9.81E+00	1.12E+01
9.02E+01	9.99E+01
5.74E+01	6.45E+01
9.02E+01	9.99E+01
1.82E+01	2.07E+01
7.90E-24	4.16E-22
2.65E+01	3.02E+01
1.03E+02	1.13E+02
4.81E+01	5.43E+01
3.73E+01	4.23E+01
1.59E-23	4.19E-22
1.17E+02	1.28E+02
4.90E+00	5.61E+00
7.85E+01	8.74E+01
6.67E+01	7.47E+01
4.90E+00	5.61E+00
3.73E+01	4.23E+01
7.85E+01	8.74E+01
9.02E+01	9.99E+01
1.45E+02	1.56E+02
1.62E-23	-4.16E-22
9.81E+00	1.12E+01
1.31E+02	1.42E+02
4.90E+00	5.61E+00
7.85E+01	8.74E+01
1.03E+02	1.13E+02
3.73E+01	4.23E+01
7.85E+01	8.74E+01
2.65E+01	3.02E+01
9.02E+01	9.99E+01
4.81E+01	5.43E+01
2.65E+01	3.02E+01
1.17E+02	1.28E+02
1.30E-23	-8.81E-22
9.09E-24	-1.35E-21
5.74E+01	6.45E+01
2.65E+01	3.02E+01
7.85E+01	8.74E+01
6.67E+01	7.47E+01
1.82E+01	2.07E+01
9.81E+00	1.12E+01
4.90E+00	5.61E+00
6.67E+01	7.47E+01
3.73E+01	4.23E+01
1.11E-23	-1.10E-21
9.02E+01	9.99E+01
1.03E+02	1.13E+02
2.65E+01	3.02E+01
7.85E+01	8.74E+01
6.67E+01	7.47E+01
1.45E+02	1.56E+02
6.67E+01	7.47E+01
2.65E+01	3.02E+01
1.31E+02	1.42E+02
1.82E+01	2.07E+01
4.90E+00	5.61E+00
1.28E-23	-1.46E-21
1.82E+01	2.07E+01
5.74E+01	6.45E+01
4.81E+01	5.43E+01
3.73E+01	4.23E+01
2.65E+01	3.02E+01
1.17E+02	1.28E+02
6.67E+01	7.47E+01
9.02E+01	9.99E+01
5.74E+01	6.45E+01
7.85E+01	8.74E+01
1.82E+01	2.07E+01
9.81E+00	1.12E+01
5.74E+01	6.45E+01
6.67E+01	7.47E+01
5.74E+01	6.45E+01
1.82E+01	2.07E+01
1.03E+02	1.13E+02
2.65E+01	3.01E+01
1.55E-23	-1.82E-21
1.82E+01	2.07E+01
1.45E+02	1.56E+02
7.85E+01	8.74E+01
1.45E+02	1.56E+02
1.31E+02	1.42E+02
5.74E+01	6.45E+01
4.81E+01	5.43E+01
1.31E+02	1.42E+02
4.81E+01	5.43E+01
9.81E+00	1.12E+01
1.45E+02	1.56E+02
6.67E+01	7.47E+01
4.90E+00	5.61E+00
9.81E+00	1.12E+01
1.31E+02	1.42E+02
1.82E+01	2.07E+01
1.45E+02	1.56E+02
1.17E+02	1.28E+02
3.73E+01	4.23E+01
9.02E+01	9.99E+01
1.31E+02	1.42E+02
5.74E+01	6.45E+01
1.17E+02	1.28E+02
4.81E+01	5.43E+01
2.65E+01	3.01E+01
4.81E+01	5.43E+01
9.81E+00	1.12E+01
1.17E+02	1.28E+02
1.17E+02	1.28E+02
1.45E+02	1.56E+02
1.82E+01	2.07E+01
1.03E+02	1.13E+02
9.81E+00	1.12E+01
4.90E+00	5.61E+00
6.67E+01	7.47E+01
1.31E+02	1.42E+02
4.81E+01	5.43E+01
1.83E-23	-1.97E-21
1.03E+02	1.13E+02
4.90E+00	5.61E+00
5.74E+01	6.45E+01
9.81E+00	1.12E+01
1.03E+02	1.13E+02
7.85E+01	8.74E+01
1.45E+02	1.56E+02
3.73E+01	4.23E+01
1.17E+02	1.28E+02
1.03E+02	1.13E+02
4.90E+00	5.61E+00
1.31E+02	1.42E+02
3.73E+01	4.23E+01
4.81E+01	5.43E+01
9.81E+00	1.12E+01
9.02E+01	9.99E+01
1.82E+01	2.07E+01
4.90E+00	5.61E+00
9.02E+01	9.99E+01
1.17E+02	1.28E+02
7.32E-24	-5.42E-22
3.73E+01	4.23E+01
2.65E+01	3.01E+01
5.74E+01	6.45E+01
1.48E-23	-1.46E-21
3.73E+01	4.23E+01
9.02E+01	9.99E+01
1.03E+02	1.13E+02
1.45E+02	1.56E+02
4.90E+00	5.61E+00
1.31E+02	1.42E+02
9.02E+01	9.99E+01
4.81E+01	5.43E+01
1.50E-23	-2.21E-21
9.81E+00	1.12E+01
6.67E+01	7.47E+01
3.73E+01	4.23E+01
1.03E+02	1.13E+02
4.90E+00	5.61E+00
1.17E+02	1.28E+02
7.85E+01	8.74E+01
9.20E-24	-9.20E-22
7.85E+01	8.74E+01
9.02E+01	9.99E+01
1.45E+02	1.56E+02
3.73E+01	4.23E+01
1.19E-23	-2.17E-21
7.85E+01	8.74E+01
2.65E+01	3.02E+01
1.31E+02	1.42E+02
4.81E+01	5.43E+01
2.65E+01	3.02E+01
7.85E+01	8.74E+01
1.82E+01	2.07E+01
9.81E+00	1.12E+01
1.03E+02	1.13E+02
4.90E+00	5.61E+00
9.02E+01	9.99E+01
5.74E+01	6.45E+01
1.01E-23	-1.99E-21
1.17E+02	1.28E+02
2.65E+01	3.02E+01
2.65E+01	3.01E+01
3.73E+01	4.23E+01
7.85E+01	8.74E+01
6.67E+01	7.47E+01
6.67E+01	7.47E+01
9.02E+01	9.99E+01
6.67E+01	7.47E+01
2.65E+01	3.02E+01
1.03E+02	1.13E+02
4.90E+00	5.61E+00
1.16E-23	-2.25E-21
7.85E+01	8.74E+01
6.67E+01	7.47E+01
1.82E+01	2.07E+01
1.45E+02	1.56E+02
1.82E+01	2.07E+01
1.31E+02	1.42E+02
4.81E+01	5.43E+01
3.73E+01	4.23E+01
2.65E+01	3.01E+01
9.81E+00	1.12E+01
5.74E+01	6.45E+01
1.82E+01	2.07E+01
1.17E+02	1.28E+02
6.67E+01	7.47E+01
9.02E+01	9.99E+01
5.74E+01	6.45E+01
1.82E+01	2.07E+01
7.85E+01	8.74E+01
1.40E-23	-2.51E-21
5.74E+01	6.45E+01
5.74E+01	6.45E+01
2.65E+01	3.01E+01
6.67E+01	7.47E+01
1.82E+01	2.07E+01
1.03E+02	1.13E+02
4.90E+00	5.61E+00
9.81E+00	1.12E+01
7.85E+01	8.74E+01
9.81E+00	1.12E+01
5.74E+01	6.45E+01
1.82E+01	2.07E+01
4.81E+01	5.43E+01
3.73E+01	4.23E+01
4.81E+01	5.43E+01
1.45E+02	1.56E+02
6.67E+01	7.47E+01
2.65E+01	3.01E+01
1.31E+02	1.42E+02
4.81E+01	5.43E+01
9.81E+00	1.12E+01
9.02E+01	9.99E+01
9.81E+00	1.12E+01
5.74E+01	6.45E+01
4.81E+01	5.43E+01
1.65E-23	-2.65E-21
1.17E+02	1.28E+02
1.82E+01	2.07E+01
4.90E+00	5.61E+00
4.90E+00	5.61E+00
9.81E+00	1.12E+01
6.67E+01	7.47E+01
4.81E+01	5.43E+01
5.74E+01	6.45E+01
4.90E+00	5.61E+00
1.03E+02	1.13E+02
4.90E+00	5.61E+00
7.85E+01	8.74E+01
9.81E+00	1.12E+01
3.73E+01	4.23E+01
3.73E+01	4.23E+01
4.81E+01	5.43E+01
1.82E+01	2.07E+01
6.97E-24	-1.31E-21
2.65E+01	3.01E+01
1.40E-23	-2.82E-21
3.73E+01	4.23E+01
4.90E+00	5.61E+00
3.73E+01	4.23E+01
5.74E+01	6.45E+01
9.02E+01	9.99E+01
1.42E-23	-3.27E-21
9.81E+00	1.12E+01
8.27E-24	-1.25E-21
4.90E+00	5.61E+00
4.81E+01	5.43E+01
6.67E+01	7.47E+01
3.73E+01	4.23E+01
1.13E-23	-2.82E-21
1.82E+01	2.07E+01
9.81E+00	1.12E+01
3.73E+01	4.23E+01
4.90E+00	5.61E+00
7.85E+01	8.74E+01
2.65E+01	3.02E+01
4.81E+01	5.43E+01
2.65E+01	3.02E+01
9.58E-24	-2.42E-21
2.65E+01	3.01E+01
5.74E+01	6.45E+01
2.65E+01	3.02E+01
3.73E+01	4.23E+01
4.90E+00	5.61E+00
1.10E-23	-2.67E-21
6.67E+01	7.47E+01
2.65E+01	3.02E+01
1.82E+01	2.07E+01
9.81E+00	1.12E+01
1.82E+01	2.07E+01
4.81E+01	5.43E+01
3.73E+01	4.23E+01
2.65E+01	3.01E+01
1.82E+01	2.07E+01
1.32E-23	-3.01E-21
1.82E+01	2.07E+01
5.74E+01	6.45E+01
4.90E+00	5.61E+00
2.65E+01	3.01E+01
1.82E+01	2.07E+01
9.81E+00	1.12E+01
9.81E+00	1.12E+01
1.82E+01	2.07E+01
3.73E+01	4.23E+01
9.81E+00	1.12E+01
2.65E+01	3.01E+01
1.55E-23	-3.30E-21
4.81E+01	5.43E+01
9.81E+00	1.12E+01
1.82E+01	2.07E+01
4.90E+00	5.61E+00
4.90E+00	5.61E+00
9.81E+00	1.12E+01
4.90E+00	5.61E+00
4.90E+00	5.61E+00
9.81E+00	1.12E+01
1.82E+01	2.07E+01
3.43E-24	-7.95E-22
2.65E+01	3.01E+01
3.73E+01	4.23E+01
6.90E-24	-1.63E-21
4.90E+00	5.61E+00
7.74E-24	-1.61E-21
6.99E-24	-1.75E-21
9.81E+00	1.12E+01
4.90E+00	5.61E+00
5.54E-24	-1.45E-21
1.82E+01	2.07E+01
9.81E+00	1.12E+01
4.90E+00	5.61E+00
4.69E-24	-1.22E-21
2.65E+01	3.01E+01
4.90E+00	5.61E+00
5.36E-24	-1.35E-21
9.81E+00	1.12E+01
1.82E+01	2.07E+01
6.46E-24	-1.53E-21
4.90E+00	5.61E+00
9.81E+00	1.12E+01
7.55E-24	-1.71E-21
4.90E+00	5.61E+00
3.78E-24	-8.43E-22